2020.09.01 22:52:50 INFO  started: Metals version 0.9.3 in workspace '/mnt/d/Ubuntu/Code/iomonad' for client vscode.
2020.09.01 22:52:51 INFO  time: initialize in 1.2s
2020.09.01 22:52:54 INFO  no build target: using presentation compiler with only scala-library
2020.09.01 22:57:16 INFO  running '/mnt/d/Ubuntu/Env/jdk1.8.0_261/bin/java -Djline.terminal=jline.UnsupportedTerminal -Dsbt.log.noformat=true -Dfile.encoding=UTF-8 -Dsbt.version=1.3.13 -jar /tmp/metals3414882603750473168/sbt-launch.jar -Dbloop.export-jar-classifiers=sources bloopInstall'
2020.09.01 22:57:17 INFO  skipping build import with status 'Started'
2020.09.01 22:57:18 ERROR [info] [launcher] getting org.scala-sbt sbt 1.3.13  (this may take some time)...
2020.09.01 23:00:49 WARN  no build target for: /mnt/d/Ubuntu/Code/iomonad/src/main/scala/Main.scala
2020.09.01 23:01:03 INFO  user cancelled sbt bloopInstall
2020.09.01 23:01:03 INFO  time: ran 'sbt bloopInstall' in 3m47s
2020.09.01 23:01:04 INFO  build tool exit: 143
2020.09.01 23:01:06 INFO  running '/mnt/d/Ubuntu/Env/jdk1.8.0_261/bin/java -Djline.terminal=jline.UnsupportedTerminal -Dsbt.log.noformat=true -Dfile.encoding=UTF-8 -Dsbt.version=1.3.13 -jar /tmp/metals1717839619305732833/sbt-launch.jar -Dbloop.export-jar-classifiers=sources bloopInstall'
2020.09.01 23:01:08 ERROR [info] [launcher] getting org.scala-sbt sbt 1.3.13  (this may take some time)...
2020.09.01 23:01:27 INFO  user cancelled sbt bloopInstall
2020.09.01 23:01:27 INFO  time: ran 'sbt bloopInstall' in 20s
2020.09.01 23:01:28 INFO  build tool exit: 143
2020.09.01 23:01:30 INFO  running '/mnt/d/Ubuntu/Env/jdk1.8.0_261/bin/java -Djline.terminal=jline.UnsupportedTerminal -Dsbt.log.noformat=true -Dfile.encoding=UTF-8 -Dsbt.version=1.3.13 -jar /tmp/metals3594575171142372057/sbt-launch.jar -Dbloop.export-jar-classifiers=sources bloopInstall'
2020.09.01 23:01:32 ERROR [info] [launcher] getting org.scala-sbt sbt 1.3.13  (this may take some time)...
2020.09.01 23:03:21 INFO  shutting down Metals
2020.09.01 23:03:22 INFO  build tool exit: 143
2020.09.01 23:03:22 INFO  time: ran 'sbt bloopInstall' in 1m51s
2020.09.01 23:03:22 ERROR sbt command failed: /mnt/d/Ubuntu/Env/jdk1.8.0_261/bin/java -Djline.terminal=jline.UnsupportedTerminal -Dsbt.log.noformat=true -Dfile.encoding=UTF-8 -Dsbt.version=1.3.13 -jar /tmp/metals3594575171142372057/sbt-launch.jar -Dbloop.export-jar-classifiers=sources bloopInstall
2020.09.01 23:03:34 INFO  started: Metals version 0.9.3 in workspace '/mnt/d/Ubuntu/Code/iomonad' for client vscode.
2020.09.01 23:03:34 INFO  time: initialize in 0.46s
2020.09.01 23:03:35 INFO  no build target: using presentation compiler with only scala-library
2020.09.01 23:03:35 INFO  skipping build import with status 'Started'
2020.09.01 23:03:37 WARN  no build target for: /mnt/d/Ubuntu/Code/iomonad/src/main/scala/Main.scala
2020.09.01 23:03:49 INFO  running '/mnt/d/Ubuntu/Env/jdk1.8.0_261/bin/java -Djline.terminal=jline.UnsupportedTerminal -Dsbt.log.noformat=true -Dfile.encoding=UTF-8 -Dsbt.version=1.3.13 -jar /tmp/metals1979376206039606990/sbt-launch.jar -Dbloop.export-jar-classifiers=sources bloopInstall'
2020.09.01 23:03:50 ERROR [info] [launcher] getting org.scala-sbt sbt 1.3.13  (this may take some time)...
2020.09.01 23:04:01 INFO  shutting down Metals
2020.09.01 23:04:02 INFO  build tool exit: 143
2020.09.01 23:04:02 INFO  time: ran 'sbt bloopInstall' in 12s
2020.09.01 23:04:02 ERROR sbt command failed: /mnt/d/Ubuntu/Env/jdk1.8.0_261/bin/java -Djline.terminal=jline.UnsupportedTerminal -Dsbt.log.noformat=true -Dfile.encoding=UTF-8 -Dsbt.version=1.3.13 -jar /tmp/metals1979376206039606990/sbt-launch.jar -Dbloop.export-jar-classifiers=sources bloopInstall
2020.09.01 23:04:19 INFO  started: Metals version 0.9.3 in workspace '/mnt/d/Ubuntu/Code/iomonad' for client vscode.
2020.09.01 23:04:20 INFO  time: initialize in 0.43s
2020.09.01 23:04:20 INFO  no build target: using presentation compiler with only scala-library
2020.09.01 23:04:21 INFO  skipping build import with status 'Started'
2020.09.01 23:04:22 WARN  no build target for: /mnt/d/Ubuntu/Code/iomonad/src/main/scala/Main.scala
2020.09.01 23:04:25 INFO  running '/mnt/d/Ubuntu/Env/jdk1.8.0_261/bin/java -Djline.terminal=jline.UnsupportedTerminal -Dsbt.log.noformat=true -Dfile.encoding=UTF-8 -Dsbt.version=1.3.13 -jar /tmp/metals346907569854857521/sbt-launch.jar -Dbloop.export-jar-classifiers=sources bloopInstall'
2020.09.01 23:04:26 ERROR [info] [launcher] getting org.scala-sbt sbt 1.3.13  (this may take some time)...
2020.09.01 23:07:28 ERROR downloading https://repo1.maven.org/maven2/org/scala-sbt/main-settings_2.12/1.3.13/main-settings_2.12-1.3.13.jar ...
2020.09.01 23:07:28 ERROR :: loading settings :: url = jar:file:/tmp/metals346907569854857521/sbt-launch.jar!/org/apache/ivy/core/settings/ivysettings.xml
2020.09.01 23:07:28 ERROR :: loading settings :: url = jar:file:/tmp/metals346907569854857521/sbt-launch.jar!/org/apache/ivy/core/settings/ivysettings.xml
2020.09.01 23:07:28 ERROR :: loading settings :: url = jar:file:/tmp/metals346907569854857521/sbt-launch.jar!/org/apache/ivy/core/settings/ivysettings.xml
2020.09.01 23:07:28 ERROR :: loading settings :: url = jar:file:/tmp/metals346907569854857521/sbt-launch.jar!/org/apache/ivy/core/settings/ivysettings.xml
2020.09.01 23:07:28 ERROR :: loading settings :: url = jar:file:/tmp/metals346907569854857521/sbt-launch.jar!/org/apache/ivy/core/settings/ivysettings.xml
2020.09.01 23:07:28 ERROR :: loading settings :: url = jar:file:/tmp/metals346907569854857521/sbt-launch.jar!/org/apache/ivy/core/settings/ivysettings.xml
2020.09.01 23:07:28 ERROR :: loading settings :: url = jar:file:/tmp/metals346907569854857521/sbt-launch.jar!/org/apache/ivy/core/settings/ivysettings.xml
2020.09.01 23:07:28 ERROR :: loading settings :: url = jar:file:/tmp/metals346907569854857521/sbt-launch.jar!/org/apache/ivy/core/settings/ivysettings.xml
2020.09.01 23:07:28 ERROR downloading https://repo1.maven.org/maven2/org/scala-sbt/sbt/1.3.13/sbt-1.3.13.jar ...
2020.09.01 23:07:29 ERROR downloading https://repo1.maven.org/maven2/org/scala-sbt/run_2.12/1.3.13/run_2.12-1.3.13.jar ...
2020.09.01 23:07:29 ERROR downloading https://repo1.maven.org/maven2/org/scala-sbt/io_2.12/1.3.4/io_2.12-1.3.4.jar ...
2020.09.01 23:07:30 ERROR downloading https://repo1.maven.org/maven2/org/scala-sbt/logic_2.12/1.3.13/logic_2.12-1.3.13.jar ...
2020.09.01 23:07:30 ERROR downloading https://repo1.maven.org/maven2/org/scala-sbt/actions_2.12/1.3.13/actions_2.12-1.3.13.jar ...
2020.09.01 23:07:36 ERROR downloading https://repo1.maven.org/maven2/org/scala-sbt/main_2.12/1.3.13/main_2.12-1.3.13.jar ...
2020.09.01 23:07:37 ERROR downloading https://repo1.maven.org/maven2/org/scala-lang/scala-library/2.12.10/scala-library-2.12.10.jar ...
2020.09.01 23:07:37 ERROR 	[SUCCESSFUL ] org.scala-sbt#sbt;1.3.13!sbt.jar (9786ms)
2020.09.01 23:07:37 ERROR downloading https://repo1.maven.org/maven2/org/scala-sbt/command_2.12/1.3.13/command_2.12-1.3.13.jar ...
2020.09.01 23:07:42 ERROR 	[SUCCESSFUL ] org.scala-sbt#logic_2.12;1.3.13!logic_2.12.jar (14424ms)
2020.09.01 23:07:42 ERROR downloading https://repo1.maven.org/maven2/org/scala-sbt/collections_2.12/1.3.13/collections_2.12-1.3.13.jar ...
2020.09.01 23:07:44 ERROR 	[SUCCESSFUL ] org.scala-sbt#run_2.12;1.3.13!run_2.12.jar (15980ms)
2020.09.01 23:07:44 ERROR downloading https://repo1.maven.org/maven2/org/scala-sbt/scripted-sbt-redux_2.12/1.3.13/scripted-sbt-redux_2.12-1.3.13.jar ...
2020.09.01 23:08:00 ERROR 	[SUCCESSFUL ] org.scala-sbt#scripted-sbt-redux_2.12;1.3.13!scripted-sbt-redux_2.12.jar (16173ms)
2020.09.01 23:08:00 ERROR downloading https://repo1.maven.org/maven2/org/scala-sbt/scripted-plugin_2.12/1.3.13/scripted-plugin_2.12-1.3.13.jar ...
2020.09.01 23:08:00 ERROR 	[SUCCESSFUL ] org.scala-sbt#command_2.12;1.3.13!command_2.12.jar (22642ms)
2020.09.01 23:08:00 ERROR downloading https://repo1.maven.org/maven2/org/scala-sbt/zinc-lm-integration_2.12/1.3.13/zinc-lm-integration_2.12-1.3.13.jar ...
2020.09.01 23:08:01 ERROR 	[SUCCESSFUL ] org.scala-sbt#actions_2.12;1.3.13!actions_2.12.jar (33429ms)
2020.09.01 23:08:01 ERROR downloading https://repo1.maven.org/maven2/org/scala-lang/modules/scala-xml_2.12/1.3.0/scala-xml_2.12-1.3.0.jar ...
2020.09.01 23:08:03 ERROR 	[SUCCESSFUL ] org.scala-sbt#scripted-plugin_2.12;1.3.13!scripted-plugin_2.12.jar (2788ms)
2020.09.01 23:08:03 ERROR downloading https://repo1.maven.org/maven2/org/scala-sbt/launcher-interface/1.1.4/launcher-interface-1.1.4.jar ...
2020.09.01 23:08:04 ERROR 	[SUCCESSFUL ] org.scala-sbt#zinc-lm-integration_2.12;1.3.13!zinc-lm-integration_2.12.jar (3590ms)
2020.09.01 23:08:04 ERROR downloading https://repo1.maven.org/maven2/org/apache/logging/log4j/log4j-api/2.11.2/log4j-api-2.11.2.jar ...
2020.09.01 23:08:08 ERROR 	[SUCCESSFUL ] org.scala-sbt#launcher-interface;1.1.4!launcher-interface.jar (5279ms)
2020.09.01 23:08:08 ERROR downloading https://repo1.maven.org/maven2/org/apache/logging/log4j/log4j-core/2.11.2/log4j-core-2.11.2.jar ...
2020.09.01 23:08:18 ERROR 	[SUCCESSFUL ] org.scala-sbt#io_2.12;1.3.4!io_2.12.jar (50714ms)
2020.09.01 23:08:18 ERROR downloading https://repo1.maven.org/maven2/org/apache/logging/log4j/log4j-slf4j-impl/2.11.2/log4j-slf4j-impl-2.11.2.jar ...
2020.09.01 23:08:20 ERROR 	[SUCCESSFUL ] org.apache.logging.log4j#log4j-api;2.11.2!log4j-api.jar (15840ms)
2020.09.01 23:08:20 ERROR downloading https://repo1.maven.org/maven2/com/github/cb372/scalacache-caffeine_2.12/0.20.0/scalacache-caffeine_2.12-0.20.0.jar ...
2020.09.01 23:08:21 ERROR 	[SUCCESSFUL ] com.github.cb372#scalacache-caffeine_2.12;0.20.0!scalacache-caffeine_2.12.jar (1342ms)
2020.09.01 23:08:21 ERROR downloading https://repo1.maven.org/maven2/io/get-coursier/lm-coursier-shaded_2.12/2.0.0-RC6-4/lm-coursier-shaded_2.12-2.0.0-RC6-4.jar ...
2020.09.01 23:08:21 ERROR 	[SUCCESSFUL ] org.apache.logging.log4j#log4j-slf4j-impl;2.11.2!log4j-slf4j-impl.jar (2798ms)
2020.09.01 23:08:21 ERROR downloading https://repo1.maven.org/maven2/org/scala-sbt/util-logging_2.12/1.3.3/util-logging_2.12-1.3.3.jar ...
2020.09.01 23:08:40 ERROR 	[SUCCESSFUL ] org.scala-sbt#util-logging_2.12;1.3.3!util-logging_2.12.jar (18517ms)
2020.09.01 23:08:40 ERROR downloading https://repo1.maven.org/maven2/org/scala-sbt/librarymanagement-core_2.12/1.3.4/librarymanagement-core_2.12-1.3.4.jar ...
2020.09.01 23:08:48 ERROR 	[SUCCESSFUL ] org.scala-sbt#collections_2.12;1.3.13!collections_2.12.jar (65600ms)
2020.09.01 23:08:48 ERROR downloading https://repo1.maven.org/maven2/org/scala-sbt/librarymanagement-ivy_2.12/1.3.4/librarymanagement-ivy_2.12-1.3.4.jar ...
2020.09.01 23:09:24 ERROR 	[SUCCESSFUL ] org.scala-sbt#main-settings_2.12;1.3.13!main-settings_2.12.jar (116362ms)
2020.09.01 23:09:24 ERROR downloading https://repo1.maven.org/maven2/org/scala-sbt/compiler-interface/1.3.5/compiler-interface-1.3.5.jar ...
2020.09.01 23:09:29 ERROR 	[SUCCESSFUL ] org.scala-sbt#librarymanagement-core_2.12;1.3.4!librarymanagement-core_2.12.jar (49421ms)
2020.09.01 23:09:29 ERROR downloading https://repo1.maven.org/maven2/org/scala-sbt/zinc-compile_2.12/1.3.5/zinc-compile_2.12-1.3.5.jar ...
2020.09.01 23:09:32 ERROR 	[SUCCESSFUL ] org.scala-sbt#zinc-compile_2.12;1.3.5!zinc-compile_2.12.jar (3261ms)
2020.09.01 23:09:32 ERROR downloading https://repo1.maven.org/maven2/org/scala-sbt/util-relation_2.12/1.3.3/util-relation_2.12-1.3.3.jar ...
2020.09.01 23:09:36 ERROR 	[SUCCESSFUL ] org.scala-sbt#util-relation_2.12;1.3.3!util-relation_2.12.jar (3639ms)
2020.09.01 23:09:36 ERROR downloading https://repo1.maven.org/maven2/com/eed3si9n/sjson-new-scalajson_2.12/0.8.3/sjson-new-scalajson_2.12-0.8.3.jar ...
2020.09.01 23:09:37 ERROR 	[SUCCESSFUL ] org.scala-sbt#librarymanagement-ivy_2.12;1.3.4!librarymanagement-ivy_2.12.jar (49687ms)
2020.09.01 23:09:37 ERROR downloading https://repo1.maven.org/maven2/org/scala-sbt/util-position_2.12/1.3.3/util-position_2.12-1.3.3.jar ...
2020.09.01 23:09:37 ERROR 	[SUCCESSFUL ] org.scala-sbt#main_2.12;1.3.13!main_2.12.jar (130337ms)
2020.09.01 23:09:39 ERROR downloading https://repo1.maven.org/maven2/com/eed3si9n/sjson-new-core_2.12/0.8.3/sjson-new-core_2.12-0.8.3.jar ...
2020.09.01 23:09:39 ERROR 	[SUCCESSFUL ] org.scala-lang.modules#scala-xml_2.12;1.3.0!scala-xml_2.12.jar(bundle) (98030ms)
2020.09.01 23:09:39 ERROR downloading https://repo1.maven.org/maven2/com/eed3si9n/shaded-scalajson_2.12/1.0.0-M4/shaded-scalajson_2.12-1.0.0-M4.jar ...
2020.09.01 23:09:41 ERROR 	[SUCCESSFUL ] org.scala-sbt#util-position_2.12;1.3.3!util-position_2.12.jar (3432ms)
2020.09.01 23:09:41 ERROR downloading https://repo1.maven.org/maven2/org/spire-math/jawn-parser_2.12/0.10.4/jawn-parser_2.12-0.10.4.jar ...
2020.09.01 23:09:41 ERROR 	[SUCCESSFUL ] com.eed3si9n#sjson-new-scalajson_2.12;0.8.3!sjson-new-scalajson_2.12.jar (5479ms)
2020.09.01 23:09:42 ERROR downloading https://repo1.maven.org/maven2/org/scala-lang/scala-reflect/2.12.10/scala-reflect-2.12.10.jar ...
2020.09.01 23:09:46 ERROR 	[SUCCESSFUL ] org.spire-math#jawn-parser_2.12;0.10.4!jawn-parser_2.12.jar (4925ms)
2020.09.01 23:09:46 ERROR downloading https://repo1.maven.org/maven2/org/scala-sbt/completion_2.12/1.3.13/completion_2.12-1.3.13.jar ...
2020.09.01 23:09:51 ERROR 	[SUCCESSFUL ] com.eed3si9n#shaded-scalajson_2.12;1.0.0-M4!shaded-scalajson_2.12.jar (12010ms)
2020.09.01 23:09:51 ERROR downloading https://repo1.maven.org/maven2/org/scala-sbt/task-system_2.12/1.3.13/task-system_2.12-1.3.13.jar ...
2020.09.01 23:09:59 ERROR 	[SUCCESSFUL ] org.scala-sbt#completion_2.12;1.3.13!completion_2.12.jar (13179ms)
2020.09.01 23:09:59 ERROR downloading https://repo1.maven.org/maven2/org/scala-sbt/tasks_2.12/1.3.13/tasks_2.12-1.3.13.jar ...
2020.09.01 23:10:00 ERROR 	[SUCCESSFUL ] org.scala-sbt#compiler-interface;1.3.5!compiler-interface.jar (36179ms)
2020.09.01 23:10:00 ERROR downloading https://repo1.maven.org/maven2/org/scala-sbt/testing_2.12/1.3.13/testing_2.12-1.3.13.jar ...
2020.09.01 23:10:05 ERROR 	[SUCCESSFUL ] org.scala-sbt#tasks_2.12;1.3.13!tasks_2.12.jar (6337ms)
2020.09.01 23:10:05 ERROR downloading https://repo1.maven.org/maven2/org/scala-sbt/util-tracking_2.12/1.3.3/util-tracking_2.12-1.3.3.jar ...
2020.09.01 23:10:08 ERROR 	[SUCCESSFUL ] org.scala-sbt#task-system_2.12;1.3.13!task-system_2.12.jar (17142ms)
2020.09.01 23:10:08 ERROR 	[SUCCESSFUL ] org.scala-sbt#util-tracking_2.12;1.3.3!util-tracking_2.12.jar (3044ms)
2020.09.01 23:10:08 ERROR downloading https://repo1.maven.org/maven2/org/scala-sbt/zinc-classpath_2.12/1.3.5/zinc-classpath_2.12-1.3.5.jar ...
2020.09.01 23:10:08 ERROR downloading https://repo1.maven.org/maven2/org/scala-sbt/zinc-apiinfo_2.12/1.3.5/zinc-apiinfo_2.12-1.3.5.jar ...
2020.09.01 23:10:11 ERROR 	[SUCCESSFUL ] com.eed3si9n#sjson-new-core_2.12;0.8.3!sjson-new-core_2.12.jar (32868ms)
2020.09.01 23:10:11 ERROR downloading https://repo1.maven.org/maven2/org/scala-sbt/zinc_2.12/1.3.5/zinc_2.12-1.3.5.jar ...
2020.09.01 23:10:16 ERROR 	[SUCCESSFUL ] org.scala-sbt#zinc_2.12;1.3.5!zinc_2.12.jar (4779ms)
2020.09.01 23:10:16 ERROR 	[SUCCESSFUL ] org.scala-sbt#zinc-apiinfo_2.12;1.3.5!zinc-apiinfo_2.12.jar (7489ms)
2020.09.01 23:10:16 ERROR downloading https://repo1.maven.org/maven2/jline/jline/2.14.6/jline-2.14.6.jar ...
2020.09.01 23:10:16 ERROR downloading https://repo1.maven.org/maven2/org/scala-sbt/util-control_2.12/1.3.3/util-control_2.12-1.3.3.jar ...
2020.09.01 23:10:18 ERROR 	[SUCCESSFUL ] org.scala-sbt#util-control_2.12;1.3.3!util-control_2.12.jar (2539ms)
2020.09.01 23:10:18 ERROR downloading https://repo1.maven.org/maven2/com/swoval/file-tree-views/2.1.3/file-tree-views-2.1.3.jar ...
2020.09.01 23:10:24 ERROR 	[SUCCESSFUL ] org.scala-sbt#zinc-classpath_2.12;1.3.5!zinc-classpath_2.12.jar (15917ms)
2020.09.01 23:10:24 ERROR downloading https://repo1.maven.org/maven2/net/java/dev/jna/jna/5.5.0/jna-5.5.0.jar ...
2020.09.01 23:10:30 ERROR 	[SUCCESSFUL ] com.swoval#file-tree-views;2.1.3!file-tree-views.jar (11563ms)
2020.09.01 23:10:30 ERROR downloading https://repo1.maven.org/maven2/net/java/dev/jna/jna-platform/5.5.0/jna-platform-5.5.0.jar ...
2020.09.01 23:10:38 ERROR 	[SUCCESSFUL ] jline#jline;2.14.6!jline.jar (22193ms)
2020.09.01 23:10:38 ERROR downloading https://repo1.maven.org/maven2/org/scala-sbt/util-interface/1.3.3/util-interface-1.3.3.jar ...
2020.09.01 23:10:41 ERROR 	[SUCCESSFUL ] org.scala-sbt#util-interface;1.3.3!util-interface.jar (2628ms)
2020.09.01 23:10:41 ERROR downloading https://repo1.maven.org/maven2/com/lmax/disruptor/3.4.2/disruptor-3.4.2.jar ...
2020.09.01 23:10:43 ERROR 	[SUCCESSFUL ] org.scala-sbt#testing_2.12;1.3.13!testing_2.12.jar (42669ms)
2020.09.01 23:10:43 ERROR downloading https://repo1.maven.org/maven2/org/scala-lang/scala-compiler/2.12.10/scala-compiler-2.12.10.jar ...
2020.09.01 23:10:49 ERROR 	[SUCCESSFUL ] com.lmax#disruptor;3.4.2!disruptor.jar (8763ms)
2020.09.01 23:10:49 ERROR downloading https://repo1.maven.org/maven2/com/google/protobuf/protobuf-java/3.7.0/protobuf-java-3.7.0.jar ...
2020.09.01 23:11:10 ERROR 	[SUCCESSFUL ] org.apache.logging.log4j#log4j-core;2.11.2!log4j-core.jar (181632ms)
2020.09.01 23:11:10 ERROR downloading https://repo1.maven.org/maven2/org/scala-sbt/util-cache_2.12/1.3.3/util-cache_2.12-1.3.3.jar ...
2020.09.01 23:11:36 ERROR 	[SUCCESSFUL ] org.scala-sbt#util-cache_2.12;1.3.3!util-cache_2.12.jar (26346ms)
2020.09.01 23:11:36 ERROR downloading https://repo1.maven.org/maven2/com/eed3si9n/sjson-new-murmurhash_2.12/0.8.3/sjson-new-murmurhash_2.12-0.8.3.jar ...
2020.09.01 23:11:38 ERROR 	[SUCCESSFUL ] com.eed3si9n#sjson-new-murmurhash_2.12;0.8.3!sjson-new-murmurhash_2.12.jar (2096ms)
2020.09.01 23:11:38 ERROR downloading https://repo1.maven.org/maven2/org/scala-sbt/test-agent/1.3.13/test-agent-1.3.13.jar ...
2020.09.01 23:11:43 ERROR 	[SUCCESSFUL ] org.scala-sbt#test-agent;1.3.13!test-agent.jar (4746ms)
2020.09.01 23:11:43 ERROR downloading https://repo1.maven.org/maven2/org/scala-sbt/test-interface/1.0/test-interface-1.0.jar ...
2020.09.01 23:11:46 ERROR 	[SUCCESSFUL ] org.scala-sbt#test-interface;1.0!test-interface.jar (3102ms)
2020.09.01 23:11:46 ERROR downloading https://repo1.maven.org/maven2/org/scala-sbt/compiler-bridge_2.12/1.3.5/compiler-bridge_2.12-1.3.5.jar ...
2020.09.01 23:12:10 ERROR 	[SUCCESSFUL ] org.scala-sbt#compiler-bridge_2.12;1.3.5!compiler-bridge_2.12.jar (23895ms)
2020.09.01 23:12:11 ERROR downloading https://repo1.maven.org/maven2/org/scala-sbt/zinc-classfile_2.12/1.3.5/zinc-classfile_2.12-1.3.5.jar ...
2020.09.01 23:12:16 ERROR 	[SUCCESSFUL ] com.google.protobuf#protobuf-java;3.7.0!protobuf-java.jar(bundle) (86390ms)
2020.09.01 23:12:16 ERROR downloading https://repo1.maven.org/maven2/com/jcraft/jsch/0.1.54/jsch-0.1.54.jar ...
2020.09.01 23:12:30 ERROR 	[SUCCESSFUL ] org.scala-sbt#zinc-classfile_2.12;1.3.5!zinc-classfile_2.12.jar (20213ms)
2020.09.01 23:12:30 ERROR downloading https://repo1.maven.org/maven2/com/eed3si9n/gigahorse-okhttp_2.12/0.5.0/gigahorse-okhttp_2.12-0.5.0.jar ...
2020.09.01 23:12:34 ERROR 	[SUCCESSFUL ] com.jcraft#jsch;0.1.54!jsch.jar (18200ms)
2020.09.01 23:12:34 ERROR downloading https://repo1.maven.org/maven2/com/squareup/okhttp3/okhttp-urlconnection/3.7.0/okhttp-urlconnection-3.7.0.jar ...
2020.09.01 23:12:36 ERROR 	[SUCCESSFUL ] com.squareup.okhttp3#okhttp-urlconnection;3.7.0!okhttp-urlconnection.jar (2509ms)
2020.09.01 23:12:36 ERROR 	[SUCCESSFUL ] com.eed3si9n#gigahorse-okhttp_2.12;0.5.0!gigahorse-okhttp_2.12.jar (6490ms)
2020.09.01 23:12:36 ERROR downloading https://repo1.maven.org/maven2/com/squareup/okhttp3/okhttp/3.14.2/okhttp-3.14.2.jar ...
2020.09.01 23:12:36 ERROR downloading https://repo1.maven.org/maven2/com/eed3si9n/gigahorse-core_2.12/0.5.0/gigahorse-core_2.12-0.5.0.jar ...
2020.09.01 23:12:44 ERROR 	[SUCCESSFUL ] net.java.dev.jna#jna-platform;5.5.0!jna-platform.jar (134000ms)
2020.09.01 23:12:44 ERROR downloading https://repo1.maven.org/maven2/com/typesafe/ssl-config-core_2.12/0.4.0/ssl-config-core_2.12-0.4.0.jar ...
2020.09.01 23:12:53 ERROR 	[SUCCESSFUL ] com.eed3si9n#gigahorse-core_2.12;0.5.0!gigahorse-core_2.12.jar (16697ms)
2020.09.01 23:12:53 ERROR downloading https://repo1.maven.org/maven2/org/reactivestreams/reactive-streams/1.0.2/reactive-streams-1.0.2.jar ...
2020.09.01 23:12:55 ERROR 	[SUCCESSFUL ] org.reactivestreams#reactive-streams;1.0.2!reactive-streams.jar (1607ms)
2020.09.01 23:12:55 ERROR downloading https://repo1.maven.org/maven2/org/slf4j/slf4j-api/1.7.26/slf4j-api-1.7.26.jar ...
2020.09.01 23:13:00 ERROR 	[SUCCESSFUL ] com.squareup.okhttp3#okhttp;3.14.2!okhttp.jar (23055ms)
2020.09.01 23:13:00 ERROR downloading https://repo1.maven.org/maven2/org/scala-lang/modules/scala-parser-combinators_2.12/1.1.2/scala-parser-combinators_2.12-1.1.2.jar ...
2020.09.01 23:13:00 ERROR 	[SUCCESSFUL ] com.typesafe#ssl-config-core_2.12;0.4.0!ssl-config-core_2.12.jar(bundle) (16207ms)
2020.09.01 23:13:00 ERROR downloading https://repo1.maven.org/maven2/com/typesafe/config/1.3.3/config-1.3.3.jar ...
2020.09.01 23:13:02 ERROR 	[SUCCESSFUL ] org.slf4j#slf4j-api;1.7.26!slf4j-api.jar (7691ms)
2020.09.01 23:13:02 ERROR downloading https://repo1.maven.org/maven2/com/squareup/okio/okio/1.17.2/okio-1.17.2.jar ...
2020.09.01 23:13:07 ERROR 	[SUCCESSFUL ] org.scala-lang#scala-reflect;2.12.10!scala-reflect.jar (204906ms)
2020.09.01 23:13:07 ERROR downloading https://repo1.maven.org/maven2/org/scala-sbt/zinc-core_2.12/1.3.5/zinc-core_2.12-1.3.5.jar ...
2020.09.01 23:13:13 ERROR 	[SUCCESSFUL ] org.scala-lang.modules#scala-parser-combinators_2.12;1.1.2!scala-parser-combinators_2.12.jar(bundle) (13254ms)
2020.09.01 23:13:13 ERROR downloading https://repo1.maven.org/maven2/org/scala-sbt/zinc-persist_2.12/1.3.5/zinc-persist_2.12-1.3.5.jar ...
2020.09.01 23:13:13 ERROR 	[SUCCESSFUL ] com.typesafe#config;1.3.3!config.jar(bundle) (13157ms)
2020.09.01 23:13:13 ERROR downloading https://repo1.maven.org/maven2/org/scala-sbt/zinc-compile-core_2.12/1.3.5/zinc-compile-core_2.12-1.3.5.jar ...
2020.09.01 23:13:19 ERROR 	[SUCCESSFUL ] com.squareup.okio#okio;1.17.2!okio.jar (16401ms)
2020.09.01 23:13:19 ERROR downloading https://repo1.maven.org/maven2/com/trueaccord/scalapb/scalapb-runtime_2.12/0.6.0/scalapb-runtime_2.12-0.6.0.jar ...
2020.09.01 23:13:26 ERROR 	[SUCCESSFUL ] org.scala-sbt#zinc-compile-core_2.12;1.3.5!zinc-compile-core_2.12.jar (13026ms)
2020.09.01 23:13:26 ERROR downloading https://repo1.maven.org/maven2/com/trueaccord/lenses/lenses_2.12/0.4.12/lenses_2.12-0.4.12.jar ...
2020.09.01 23:13:30 ERROR 	[SUCCESSFUL ] com.trueaccord.lenses#lenses_2.12;0.4.12!lenses_2.12.jar (3480ms)
2020.09.01 23:13:30 ERROR downloading https://repo1.maven.org/maven2/com/lihaoyi/fastparse_2.12/0.4.2/fastparse_2.12-0.4.2.jar ...
2020.09.01 23:13:42 ERROR 	[SUCCESSFUL ] org.scala-sbt#zinc-core_2.12;1.3.5!zinc-core_2.12.jar (35079ms)
2020.09.01 23:13:42 ERROR downloading https://repo1.maven.org/maven2/com/lihaoyi/fastparse-utils_2.12/0.4.2/fastparse-utils_2.12-0.4.2.jar ...
2020.09.01 23:13:45 ERROR 	[SUCCESSFUL ] com.lihaoyi#fastparse-utils_2.12;0.4.2!fastparse-utils_2.12.jar (3168ms)
2020.09.01 23:13:45 ERROR downloading https://repo1.maven.org/maven2/com/lihaoyi/sourcecode_2.12/0.1.3/sourcecode_2.12-0.1.3.jar ...
2020.09.01 23:13:48 ERROR 	[SUCCESSFUL ] io.get-coursier#lm-coursier-shaded_2.12;2.0.0-RC6-4!lm-coursier-shaded_2.12.jar (326674ms)
2020.09.01 23:13:48 ERROR downloading https://repo1.maven.org/maven2/org/scala-sbt/sbinary_2.12/0.5.0/sbinary_2.12-0.5.0.jar ...
2020.09.01 23:13:48 ERROR 	[SUCCESSFUL ] com.lihaoyi#fastparse_2.12;0.4.2!fastparse_2.12.jar (18469ms)
2020.09.01 23:13:48 ERROR downloading https://repo1.maven.org/maven2/org/scala-sbt/core-macros_2.12/1.3.13/core-macros_2.12-1.3.13.jar ...
2020.09.01 23:13:51 ERROR 	[SUCCESSFUL ] com.lihaoyi#sourcecode_2.12;0.1.3!sourcecode_2.12.jar (6229ms)
2020.09.01 23:13:51 ERROR downloading https://repo1.maven.org/maven2/org/scala-sbt/protocol_2.12/1.3.13/protocol_2.12-1.3.13.jar ...
2020.09.01 23:13:54 ERROR 	[SUCCESSFUL ] org.scala-sbt#core-macros_2.12;1.3.13!core-macros_2.12.jar (5580ms)
2020.09.01 23:13:54 ERROR downloading https://repo1.maven.org/maven2/org/scala-sbt/template-resolver/0.1/template-resolver-0.1.jar ...
2020.09.01 23:13:55 ERROR 	[SUCCESSFUL ] org.scala-sbt#template-resolver;0.1!template-resolver.jar (1184ms)
2020.09.01 23:13:55 ERROR downloading https://repo1.maven.org/maven2/org/scala-sbt/ipcsocket/ipcsocket/1.0.1/ipcsocket-1.0.1.jar ...
2020.09.01 23:13:57 ERROR 	[SUCCESSFUL ] org.scala-sbt.ipcsocket#ipcsocket;1.0.1!ipcsocket.jar (2357ms)
2020.09.01 23:13:57 ERROR downloading https://repo1.maven.org/maven2/org/scala-sbt/util-scripted_2.12/1.3.3/util-scripted_2.12-1.3.3.jar ...
2020.09.01 23:13:59 ERROR 	[SUCCESSFUL ] net.java.dev.jna#jna;5.5.0!jna.jar (214986ms)
2020.09.01 23:13:59 ERROR downloading https://repo1.maven.org/maven2/com/github/cb372/scalacache-core_2.12/0.20.0/scalacache-core_2.12-0.20.0.jar ...
2020.09.01 23:14:02 ERROR 	[SUCCESSFUL ] org.scala-sbt#util-scripted_2.12;1.3.3!util-scripted_2.12.jar (4317ms)
2020.09.01 23:14:02 ERROR downloading https://repo1.maven.org/maven2/com/github/ben-manes/caffeine/caffeine/2.5.6/caffeine-2.5.6.jar ...
2020.09.01 23:14:02 ERROR 	[SUCCESSFUL ] org.scala-sbt#sbinary_2.12;0.5.0!sbinary_2.12.jar (14651ms)
2020.09.01 23:14:02 ERROR downloading https://repo1.maven.org/maven2/org/scala-sbt/ivy/ivy/2.3.0-sbt-839fad1cdc07cf6fc81364d74c323867230432ad/ivy-2.3.0-sbt-839fad1cdc07cf6fc81364d74c323867230432ad.jar ...
2020.09.01 23:14:17 ERROR 	[SUCCESSFUL ] com.github.cb372#scalacache-core_2.12;0.20.0!scalacache-core_2.12.jar (18093ms)
2020.09.01 23:14:25 ERROR 	[SUCCESSFUL ] org.scala-sbt#protocol_2.12;1.3.13!protocol_2.12.jar (33714ms)
2020.09.01 23:14:45 ERROR 	[SUCCESSFUL ] org.scala-sbt#zinc-persist_2.12;1.3.5!zinc-persist_2.12.jar (91789ms)
2020.09.01 23:14:56 ERROR 	[SUCCESSFUL ] com.trueaccord.scalapb#scalapb-runtime_2.12;0.6.0!scalapb-runtime_2.12.jar (97277ms)
2020.09.01 23:14:57 ERROR 	[SUCCESSFUL ] com.github.ben-manes.caffeine#caffeine;2.5.6!caffeine.jar (55703ms)
Sep 01, 2020 11:50:15 PM org.eclipse.lsp4j.jsonrpc.services.GenericEndpoint notify
INFO: Unsupported notification method: $/setTraceNotification
Sep 01, 2020 11:51:01 PM org.eclipse.lsp4j.jsonrpc.services.GenericEndpoint notify
INFO: Unsupported notification method: $/setTraceNotification
Sep 01, 2020 11:51:03 PM org.eclipse.lsp4j.jsonrpc.services.GenericEndpoint notify
INFO: Unsupported notification method: $/setTraceNotification
Sep 01, 2020 11:51:04 PM org.eclipse.lsp4j.jsonrpc.services.GenericEndpoint notify
INFO: Unsupported notification method: $/setTraceNotification
2020.09.01 23:51:23 INFO  user cancelled sbt bloopInstall
2020.09.01 23:51:23 INFO  time: ran 'sbt bloopInstall' in 46m57s
2020.09.01 23:51:24 INFO  build tool exit: 143
2020.09.01 23:51:33 INFO  shutting down Metals
2020.09.01 23:52:17 INFO  started: Metals version 0.9.3 in workspace '/mnt/d/Ubuntu/Code/iomonad' for client vscode.
2020.09.01 23:52:18 INFO  time: initialize in 0.48s
2020.09.01 23:52:19 INFO  skipping build import with status 'Cancelled'
2020.09.01 23:52:24 INFO  running '/mnt/d/Ubuntu/Env/jdk1.8.0_261/bin/java -Djline.terminal=jline.UnsupportedTerminal -Dsbt.log.noformat=true -Dfile.encoding=UTF-8 -Dsbt.version=1.3.13 -jar /tmp/metals1341600141578497247/sbt-launch.jar -Dbloop.export-jar-classifiers=sources bloopInstall'
2020.09.01 23:52:24 ERROR [info] [launcher] getting org.scala-sbt sbt 1.3.13  (this may take some time)...
2020.09.01 23:52:27 ERROR :: loading settings :: url = jar:file:/tmp/metals1341600141578497247/sbt-launch.jar!/org/apache/ivy/core/settings/ivysettings.xml
2020.09.01 23:52:27 ERROR :: loading settings :: url = jar:file:/tmp/metals1341600141578497247/sbt-launch.jar!/org/apache/ivy/core/settings/ivysettings.xml
2020.09.01 23:52:27 ERROR :: loading settings :: url = jar:file:/tmp/metals1341600141578497247/sbt-launch.jar!/org/apache/ivy/core/settings/ivysettings.xml
2020.09.01 23:52:27 ERROR :: loading settings :: url = jar:file:/tmp/metals1341600141578497247/sbt-launch.jar!/org/apache/ivy/core/settings/ivysettings.xml
2020.09.01 23:52:27 ERROR :: loading settings :: url = jar:file:/tmp/metals1341600141578497247/sbt-launch.jar!/org/apache/ivy/core/settings/ivysettings.xml
2020.09.01 23:52:27 ERROR :: loading settings :: url = jar:file:/tmp/metals1341600141578497247/sbt-launch.jar!/org/apache/ivy/core/settings/ivysettings.xml
2020.09.01 23:52:27 ERROR :: loading settings :: url = jar:file:/tmp/metals1341600141578497247/sbt-launch.jar!/org/apache/ivy/core/settings/ivysettings.xml
2020.09.01 23:52:27 ERROR :: loading settings :: url = jar:file:/tmp/metals1341600141578497247/sbt-launch.jar!/org/apache/ivy/core/settings/ivysettings.xml
2020.09.01 23:52:29 ERROR downloading https://repo1.maven.org/maven2/org/scala-lang/scala-library/2.12.10/scala-library-2.12.10.jar ...
2020.09.01 23:52:29 ERROR downloading https://repo1.maven.org/maven2/org/scala-lang/scala-compiler/2.12.10/scala-compiler-2.12.10.jar ...
2020.09.01 23:52:29 ERROR downloading https://repo1.maven.org/maven2/org/scala-sbt/ivy/ivy/2.3.0-sbt-839fad1cdc07cf6fc81364d74c323867230432ad/ivy-2.3.0-sbt-839fad1cdc07cf6fc81364d74c323867230432ad.jar ...
2020.09.01 23:53:43 ERROR 	[SUCCESSFUL ] org.scala-sbt.ivy#ivy;2.3.0-sbt-839fad1cdc07cf6fc81364d74c323867230432ad!ivy.jar (76501ms)
Sep 01, 2020 11:55:03 PM org.eclipse.lsp4j.jsonrpc.services.GenericEndpoint notify
INFO: Unsupported notification method: $/setTraceNotification
2020.09.01 23:55:14 INFO  user cancelled sbt bloopInstall
2020.09.01 23:55:14 INFO  time: ran 'sbt bloopInstall' in 2m50s
2020.09.01 23:55:15 INFO  build tool exit: 143
2020.09.01 23:55:36 INFO  running '/mnt/d/Ubuntu/Env/jdk1.8.0_261/bin/java -Djline.terminal=jline.UnsupportedTerminal -Dsbt.log.noformat=true -Dfile.encoding=UTF-8 -Dsbt.version=1.3.13 -jar /tmp/metals1246972327736306931/sbt-launch.jar -Dbloop.export-jar-classifiers=sources bloopInstall'
2020.09.01 23:55:38 ERROR [info] [launcher] getting org.scala-sbt sbt 1.3.13  (this may take some time)...
2020.09.01 23:55:40 ERROR :: loading settings :: url = jar:file:/tmp/metals1246972327736306931/sbt-launch.jar!/org/apache/ivy/core/settings/ivysettings.xml
2020.09.01 23:55:40 ERROR :: loading settings :: url = jar:file:/tmp/metals1246972327736306931/sbt-launch.jar!/org/apache/ivy/core/settings/ivysettings.xml
2020.09.01 23:55:40 ERROR :: loading settings :: url = jar:file:/tmp/metals1246972327736306931/sbt-launch.jar!/org/apache/ivy/core/settings/ivysettings.xml
2020.09.01 23:55:40 ERROR :: loading settings :: url = jar:file:/tmp/metals1246972327736306931/sbt-launch.jar!/org/apache/ivy/core/settings/ivysettings.xml
2020.09.01 23:55:40 ERROR :: loading settings :: url = jar:file:/tmp/metals1246972327736306931/sbt-launch.jar!/org/apache/ivy/core/settings/ivysettings.xml
2020.09.01 23:55:40 ERROR :: loading settings :: url = jar:file:/tmp/metals1246972327736306931/sbt-launch.jar!/org/apache/ivy/core/settings/ivysettings.xml
2020.09.01 23:55:40 ERROR :: loading settings :: url = jar:file:/tmp/metals1246972327736306931/sbt-launch.jar!/org/apache/ivy/core/settings/ivysettings.xml
2020.09.01 23:55:40 ERROR :: loading settings :: url = jar:file:/tmp/metals1246972327736306931/sbt-launch.jar!/org/apache/ivy/core/settings/ivysettings.xml
2020.09.01 23:55:44 ERROR downloading https://repo1.maven.org/maven2/org/scala-lang/scala-compiler/2.12.10/scala-compiler-2.12.10.jar ...
2020.09.01 23:55:44 ERROR downloading https://repo1.maven.org/maven2/org/scala-lang/scala-library/2.12.10/scala-library-2.12.10.jar ...
2020.09.01 23:57:34 INFO  user cancelled sbt bloopInstall
2020.09.01 23:57:34 INFO  time: ran 'sbt bloopInstall' in 1m57s
2020.09.01 23:57:35 INFO  build tool exit: 143
Sep 01, 2020 11:57:44 PM org.eclipse.lsp4j.jsonrpc.services.GenericEndpoint notify
INFO: Unsupported notification method: $/setTraceNotification
Sep 01, 2020 11:57:50 PM org.eclipse.lsp4j.jsonrpc.services.GenericEndpoint notify
INFO: Unsupported notification method: $/setTraceNotification
Sep 01, 2020 11:58:02 PM org.eclipse.lsp4j.jsonrpc.services.GenericEndpoint notify
INFO: Unsupported notification method: $/setTraceNotification
2020.09.01 23:58:07 INFO  running '/mnt/d/Ubuntu/Env/jdk1.8.0_261/bin/java -Djline.terminal=jline.UnsupportedTerminal -Dsbt.log.noformat=true -Dfile.encoding=UTF-8 -Dsbt.version=1.3.13 -jar /tmp/metals5312455633737934606/sbt-launch.jar -Dbloop.export-jar-classifiers=sources bloopInstall'
2020.09.01 23:58:08 ERROR [info] [launcher] getting org.scala-sbt sbt 1.3.13  (this may take some time)...
2020.09.01 23:58:11 ERROR :: loading settings :: url = jar:file:/tmp/metals5312455633737934606/sbt-launch.jar!/org/apache/ivy/core/settings/ivysettings.xml
2020.09.01 23:58:11 ERROR :: loading settings :: url = jar:file:/tmp/metals5312455633737934606/sbt-launch.jar!/org/apache/ivy/core/settings/ivysettings.xml
2020.09.01 23:58:11 ERROR :: loading settings :: url = jar:file:/tmp/metals5312455633737934606/sbt-launch.jar!/org/apache/ivy/core/settings/ivysettings.xml
2020.09.01 23:58:11 ERROR :: loading settings :: url = jar:file:/tmp/metals5312455633737934606/sbt-launch.jar!/org/apache/ivy/core/settings/ivysettings.xml
2020.09.01 23:58:11 ERROR :: loading settings :: url = jar:file:/tmp/metals5312455633737934606/sbt-launch.jar!/org/apache/ivy/core/settings/ivysettings.xml
2020.09.01 23:58:11 ERROR :: loading settings :: url = jar:file:/tmp/metals5312455633737934606/sbt-launch.jar!/org/apache/ivy/core/settings/ivysettings.xml
2020.09.01 23:58:11 ERROR :: loading settings :: url = jar:file:/tmp/metals5312455633737934606/sbt-launch.jar!/org/apache/ivy/core/settings/ivysettings.xml
2020.09.01 23:58:11 ERROR :: loading settings :: url = jar:file:/tmp/metals5312455633737934606/sbt-launch.jar!/org/apache/ivy/core/settings/ivysettings.xml
2020.09.01 23:58:14 ERROR downloading https://repo1.maven.org/maven2/org/scala-lang/scala-library/2.12.10/scala-library-2.12.10.jar ...
2020.09.01 23:58:14 ERROR downloading https://repo1.maven.org/maven2/org/scala-lang/scala-compiler/2.12.10/scala-compiler-2.12.10.jar ...
2020.09.01 23:59:28 INFO  user cancelled sbt bloopInstall
2020.09.01 23:59:28 INFO  time: ran 'sbt bloopInstall' in 1m21s
2020.09.01 23:59:28 INFO  build tool exit: 143
Sep 01, 2020 11:59:39 PM org.eclipse.lsp4j.jsonrpc.services.GenericEndpoint notify
INFO: Unsupported notification method: $/setTraceNotification
2020.09.01 23:59:43 INFO  shutting down Metals
2020.09.02 00:00:06 INFO  started: Metals version 0.9.3 in workspace '/mnt/d/Ubuntu/Code/iomonad' for client vscode.
2020.09.02 00:00:07 INFO  time: initialize in 1.08s
2020.09.02 00:00:09 INFO  skipping build import with status 'Cancelled'
2020.09.02 00:00:17 INFO  running '/mnt/d/Ubuntu/Env/jdk1.8.0_261/bin/java -Djline.terminal=jline.UnsupportedTerminal -Dsbt.log.noformat=true -Dfile.encoding=UTF-8 -Dsbt.version=1.3.13 -jar /tmp/metals4134770784334429307/sbt-launch.jar -Dbloop.export-jar-classifiers=sources bloopInstall'
2020.09.02 00:00:19 ERROR [info] [launcher] getting org.scala-sbt sbt 1.3.13  (this may take some time)...
2020.09.02 00:00:22 ERROR :: loading settings :: url = jar:file:/tmp/metals4134770784334429307/sbt-launch.jar!/org/apache/ivy/core/settings/ivysettings.xml
2020.09.02 00:00:22 ERROR :: loading settings :: url = jar:file:/tmp/metals4134770784334429307/sbt-launch.jar!/org/apache/ivy/core/settings/ivysettings.xml
2020.09.02 00:00:22 ERROR :: loading settings :: url = jar:file:/tmp/metals4134770784334429307/sbt-launch.jar!/org/apache/ivy/core/settings/ivysettings.xml
2020.09.02 00:00:22 ERROR :: loading settings :: url = jar:file:/tmp/metals4134770784334429307/sbt-launch.jar!/org/apache/ivy/core/settings/ivysettings.xml
2020.09.02 00:00:22 ERROR :: loading settings :: url = jar:file:/tmp/metals4134770784334429307/sbt-launch.jar!/org/apache/ivy/core/settings/ivysettings.xml
2020.09.02 00:00:22 ERROR :: loading settings :: url = jar:file:/tmp/metals4134770784334429307/sbt-launch.jar!/org/apache/ivy/core/settings/ivysettings.xml
2020.09.02 00:00:22 ERROR :: loading settings :: url = jar:file:/tmp/metals4134770784334429307/sbt-launch.jar!/org/apache/ivy/core/settings/ivysettings.xml
2020.09.02 00:00:22 ERROR :: loading settings :: url = jar:file:/tmp/metals4134770784334429307/sbt-launch.jar!/org/apache/ivy/core/settings/ivysettings.xml
2020.09.02 00:00:30 ERROR downloading https://repo1.maven.org/maven2/org/scala-lang/scala-library/2.12.10/scala-library-2.12.10.jar ...
2020.09.02 00:00:30 ERROR downloading https://repo1.maven.org/maven2/org/scala-lang/scala-compiler/2.12.10/scala-compiler-2.12.10.jar ...
Sep 02, 2020 12:02:25 AM org.eclipse.lsp4j.jsonrpc.services.GenericEndpoint notify
INFO: Unsupported notification method: $/setTraceNotification
Sep 02, 2020 12:02:29 AM org.eclipse.lsp4j.jsonrpc.services.GenericEndpoint notify
INFO: Unsupported notification method: $/setTraceNotification
2020.09.02 00:02:42 INFO  shutting down Metals
2020.09.02 00:02:43 INFO  build tool exit: 143
2020.09.02 00:02:43 INFO  time: ran 'sbt bloopInstall' in 2m25s
2020.09.02 00:02:43 ERROR sbt command failed: /mnt/d/Ubuntu/Env/jdk1.8.0_261/bin/java -Djline.terminal=jline.UnsupportedTerminal -Dsbt.log.noformat=true -Dfile.encoding=UTF-8 -Dsbt.version=1.3.13 -jar /tmp/metals4134770784334429307/sbt-launch.jar -Dbloop.export-jar-classifiers=sources bloopInstall
2020.09.02 00:03:18 INFO  started: Metals version 0.9.3 in workspace '/mnt/d/Ubuntu/Code/iomonad' for client vscode.
2020.09.02 00:03:19 INFO  time: initialize in 1.05s
2020.09.02 00:03:21 INFO  no build target: using presentation compiler with only scala-library
2020.09.02 00:03:21 INFO  skipping build import with status 'Started'
2020.09.02 00:03:25 WARN  no build target for: /mnt/d/Ubuntu/Code/iomonad/src/main/scala/Main.scala
2020.09.02 00:03:51 INFO  running '/mnt/d/Ubuntu/Env/jdk1.8.0_261/bin/java -Djline.terminal=jline.UnsupportedTerminal -Dsbt.log.noformat=true -Dfile.encoding=UTF-8 -Dsbt.version=1.3.13 -jar /tmp/metals7335037852282307844/sbt-launch.jar -Dbloop.export-jar-classifiers=sources bloopInstall'
2020.09.02 00:03:53 ERROR [info] [launcher] getting org.scala-sbt sbt 1.3.13  (this may take some time)...
2020.09.02 00:03:56 ERROR :: loading settings :: url = jar:file:/tmp/metals7335037852282307844/sbt-launch.jar!/org/apache/ivy/core/settings/ivysettings.xml
2020.09.02 00:03:56 ERROR :: loading settings :: url = jar:file:/tmp/metals7335037852282307844/sbt-launch.jar!/org/apache/ivy/core/settings/ivysettings.xml
2020.09.02 00:03:56 ERROR :: loading settings :: url = jar:file:/tmp/metals7335037852282307844/sbt-launch.jar!/org/apache/ivy/core/settings/ivysettings.xml
2020.09.02 00:03:56 ERROR :: loading settings :: url = jar:file:/tmp/metals7335037852282307844/sbt-launch.jar!/org/apache/ivy/core/settings/ivysettings.xml
2020.09.02 00:03:56 ERROR :: loading settings :: url = jar:file:/tmp/metals7335037852282307844/sbt-launch.jar!/org/apache/ivy/core/settings/ivysettings.xml
2020.09.02 00:03:56 ERROR :: loading settings :: url = jar:file:/tmp/metals7335037852282307844/sbt-launch.jar!/org/apache/ivy/core/settings/ivysettings.xml
2020.09.02 00:03:56 ERROR :: loading settings :: url = jar:file:/tmp/metals7335037852282307844/sbt-launch.jar!/org/apache/ivy/core/settings/ivysettings.xml
2020.09.02 00:03:56 ERROR :: loading settings :: url = jar:file:/tmp/metals7335037852282307844/sbt-launch.jar!/org/apache/ivy/core/settings/ivysettings.xml
2020.09.02 00:03:59 ERROR downloading https://repo1.maven.org/maven2/org/scala-lang/scala-compiler/2.12.10/scala-compiler-2.12.10.jar ...
2020.09.02 00:03:59 ERROR downloading https://repo1.maven.org/maven2/org/scala-lang/scala-library/2.12.10/scala-library-2.12.10.jar ...
2020.09.02 00:05:27 ERROR 	[SUCCESSFUL ] org.scala-lang#scala-library;2.12.10!scala-library.jar (91412ms)
Sep 02, 2020 12:05:52 AM org.eclipse.lsp4j.jsonrpc.services.GenericEndpoint notify
INFO: Unsupported notification method: $/setTraceNotification
2020.09.02 00:05:55 INFO  shutting down Metals
2020.09.02 00:05:55 INFO  build tool exit: 143
2020.09.02 00:05:55 INFO  time: ran 'sbt bloopInstall' in 2m4s
2020.09.02 00:05:55 ERROR sbt command failed: /mnt/d/Ubuntu/Env/jdk1.8.0_261/bin/java -Djline.terminal=jline.UnsupportedTerminal -Dsbt.log.noformat=true -Dfile.encoding=UTF-8 -Dsbt.version=1.3.13 -jar /tmp/metals7335037852282307844/sbt-launch.jar -Dbloop.export-jar-classifiers=sources bloopInstall
2020.09.02 00:06:10 INFO  started: Metals version 0.9.3 in workspace '/mnt/d/Ubuntu/Code/iomonad' for client vscode.
2020.09.02 00:06:11 INFO  time: initialize in 1.03s
2020.09.02 00:06:13 INFO  skipping build import with status 'Started'
2020.09.02 00:06:31 INFO  running '/mnt/d/Ubuntu/Env/jdk1.8.0_261/bin/java -Djline.terminal=jline.UnsupportedTerminal -Dsbt.log.noformat=true -Dfile.encoding=UTF-8 -Dsbt.version=1.3.13 -jar /tmp/metals7817841284829677963/sbt-launch.jar -Dbloop.export-jar-classifiers=sources bloopInstall'
2020.09.02 00:06:33 ERROR [info] [launcher] getting org.scala-sbt sbt 1.3.13  (this may take some time)...
2020.09.02 00:06:35 ERROR :: loading settings :: url = jar:file:/tmp/metals7817841284829677963/sbt-launch.jar!/org/apache/ivy/core/settings/ivysettings.xml
2020.09.02 00:06:35 ERROR :: loading settings :: url = jar:file:/tmp/metals7817841284829677963/sbt-launch.jar!/org/apache/ivy/core/settings/ivysettings.xml
2020.09.02 00:06:35 ERROR :: loading settings :: url = jar:file:/tmp/metals7817841284829677963/sbt-launch.jar!/org/apache/ivy/core/settings/ivysettings.xml
2020.09.02 00:06:35 ERROR :: loading settings :: url = jar:file:/tmp/metals7817841284829677963/sbt-launch.jar!/org/apache/ivy/core/settings/ivysettings.xml
2020.09.02 00:06:35 ERROR :: loading settings :: url = jar:file:/tmp/metals7817841284829677963/sbt-launch.jar!/org/apache/ivy/core/settings/ivysettings.xml
2020.09.02 00:06:35 ERROR :: loading settings :: url = jar:file:/tmp/metals7817841284829677963/sbt-launch.jar!/org/apache/ivy/core/settings/ivysettings.xml
2020.09.02 00:06:35 ERROR :: loading settings :: url = jar:file:/tmp/metals7817841284829677963/sbt-launch.jar!/org/apache/ivy/core/settings/ivysettings.xml
2020.09.02 00:06:35 ERROR :: loading settings :: url = jar:file:/tmp/metals7817841284829677963/sbt-launch.jar!/org/apache/ivy/core/settings/ivysettings.xml
2020.09.02 00:06:39 ERROR downloading https://repo1.maven.org/maven2/org/scala-lang/scala-compiler/2.12.10/scala-compiler-2.12.10.jar ...
Sep 02, 2020 12:08:55 AM org.eclipse.lsp4j.jsonrpc.services.GenericEndpoint notify
INFO: Unsupported notification method: $/setTraceNotification
Sep 02, 2020 12:09:00 AM org.eclipse.lsp4j.jsonrpc.services.GenericEndpoint notify
INFO: Unsupported notification method: $/setTraceNotification
2020.09.02 00:09:03 INFO  shutting down Metals
2020.09.02 00:09:03 INFO  build tool exit: 143
2020.09.02 00:09:03 INFO  time: ran 'sbt bloopInstall' in 2m32s
2020.09.02 00:09:03 ERROR sbt command failed: /mnt/d/Ubuntu/Env/jdk1.8.0_261/bin/java -Djline.terminal=jline.UnsupportedTerminal -Dsbt.log.noformat=true -Dfile.encoding=UTF-8 -Dsbt.version=1.3.13 -jar /tmp/metals7817841284829677963/sbt-launch.jar -Dbloop.export-jar-classifiers=sources bloopInstall
2020.09.02 00:09:17 INFO  started: Metals version 0.9.3 in workspace '/mnt/d/Ubuntu/Code/iomonad' for client vscode.
2020.09.02 00:09:18 INFO  time: initialize in 1.05s
2020.09.02 00:09:20 INFO  skipping build import with status 'Started'
2020.09.02 00:09:26 INFO  running '/mnt/d/Ubuntu/Env/jdk1.8.0_261/bin/java -Djline.terminal=jline.UnsupportedTerminal -Dsbt.log.noformat=true -Dfile.encoding=UTF-8 -Dsbt.version=1.3.13 -jar /tmp/metals2682867464566066908/sbt-launch.jar -Dbloop.export-jar-classifiers=sources bloopInstall'
2020.09.02 00:09:27 ERROR [info] [launcher] getting org.scala-sbt sbt 1.3.13  (this may take some time)...
2020.09.02 00:09:30 ERROR :: loading settings :: url = jar:file:/tmp/metals2682867464566066908/sbt-launch.jar!/org/apache/ivy/core/settings/ivysettings.xml
2020.09.02 00:09:30 ERROR :: loading settings :: url = jar:file:/tmp/metals2682867464566066908/sbt-launch.jar!/org/apache/ivy/core/settings/ivysettings.xml
2020.09.02 00:09:30 ERROR :: loading settings :: url = jar:file:/tmp/metals2682867464566066908/sbt-launch.jar!/org/apache/ivy/core/settings/ivysettings.xml
2020.09.02 00:09:30 ERROR :: loading settings :: url = jar:file:/tmp/metals2682867464566066908/sbt-launch.jar!/org/apache/ivy/core/settings/ivysettings.xml
2020.09.02 00:09:30 ERROR :: loading settings :: url = jar:file:/tmp/metals2682867464566066908/sbt-launch.jar!/org/apache/ivy/core/settings/ivysettings.xml
2020.09.02 00:09:30 ERROR :: loading settings :: url = jar:file:/tmp/metals2682867464566066908/sbt-launch.jar!/org/apache/ivy/core/settings/ivysettings.xml
2020.09.02 00:09:30 ERROR :: loading settings :: url = jar:file:/tmp/metals2682867464566066908/sbt-launch.jar!/org/apache/ivy/core/settings/ivysettings.xml
2020.09.02 00:09:30 ERROR :: loading settings :: url = jar:file:/tmp/metals2682867464566066908/sbt-launch.jar!/org/apache/ivy/core/settings/ivysettings.xml
2020.09.02 00:09:33 ERROR downloading https://repo1.maven.org/maven2/org/scala-lang/scala-compiler/2.12.10/scala-compiler-2.12.10.jar ...
2020.09.02 00:10:48 INFO  user cancelled sbt bloopInstall
2020.09.02 00:10:48 INFO  time: ran 'sbt bloopInstall' in 1m22s
2020.09.02 00:10:48 INFO  build tool exit: 143
Sep 02, 2020 12:11:03 AM org.eclipse.lsp4j.jsonrpc.services.GenericEndpoint notify
INFO: Unsupported notification method: $/setTraceNotification
2020.09.02 00:11:06 INFO  shutting down Metals
2020.09.02 08:46:03 INFO  started: Metals version 0.9.3 in workspace '/mnt/d/Ubuntu/Code/iomonad' for client vscode.
2020.09.02 08:46:04 INFO  time: initialize in 1.11s
2020.09.02 08:46:06 INFO  skipping build import with status 'Cancelled'
2020.09.02 08:46:43 INFO  running '/mnt/d/Ubuntu/Env/jdk1.8.0_261/bin/java -Djline.terminal=jline.UnsupportedTerminal -Dsbt.log.noformat=true -Dfile.encoding=UTF-8 -Dsbt.version=1.3.13 -jar /tmp/metals683447861570456529/sbt-launch.jar -Dbloop.export-jar-classifiers=sources bloopInstall'
2020.09.02 08:46:45 ERROR [info] [launcher] getting org.scala-sbt sbt 1.3.13  (this may take some time)...
2020.09.02 08:46:48 ERROR :: loading settings :: url = jar:file:/tmp/metals683447861570456529/sbt-launch.jar!/org/apache/ivy/core/settings/ivysettings.xml
2020.09.02 08:46:48 ERROR :: loading settings :: url = jar:file:/tmp/metals683447861570456529/sbt-launch.jar!/org/apache/ivy/core/settings/ivysettings.xml
2020.09.02 08:46:48 ERROR :: loading settings :: url = jar:file:/tmp/metals683447861570456529/sbt-launch.jar!/org/apache/ivy/core/settings/ivysettings.xml
2020.09.02 08:46:48 ERROR :: loading settings :: url = jar:file:/tmp/metals683447861570456529/sbt-launch.jar!/org/apache/ivy/core/settings/ivysettings.xml
2020.09.02 08:46:48 ERROR :: loading settings :: url = jar:file:/tmp/metals683447861570456529/sbt-launch.jar!/org/apache/ivy/core/settings/ivysettings.xml
2020.09.02 08:46:48 ERROR :: loading settings :: url = jar:file:/tmp/metals683447861570456529/sbt-launch.jar!/org/apache/ivy/core/settings/ivysettings.xml
2020.09.02 08:46:48 ERROR :: loading settings :: url = jar:file:/tmp/metals683447861570456529/sbt-launch.jar!/org/apache/ivy/core/settings/ivysettings.xml
2020.09.02 08:46:48 ERROR :: loading settings :: url = jar:file:/tmp/metals683447861570456529/sbt-launch.jar!/org/apache/ivy/core/settings/ivysettings.xml
2020.09.02 08:46:56 ERROR downloading https://repo1.maven.org/maven2/org/scala-lang/scala-compiler/2.12.10/scala-compiler-2.12.10.jar ...
2020.09.02 08:50:35 ERROR 	[SUCCESSFUL ] org.scala-lang#scala-compiler;2.12.10!scala-compiler.jar (227382ms)
2020.09.02 08:50:35 ERROR :: retrieving :: org.scala-sbt#boot-app
2020.09.02 08:50:35 ERROR 	confs: [default]
2020.09.02 08:50:36 ERROR 	81 artifacts copied, 0 already retrieved
2020.09.02 08:50:36 ERROR [info] [launcher] getting Scala 2.12.10 (for sbt)...
2020.09.02 08:50:58 ERROR downloading https://repo1.maven.org/maven2/org/scala-lang/modules/scala-xml_2.12/1.0.6/scala-xml_2.12-1.0.6.jar ...
2020.09.02 08:50:58 ERROR downloading https://repo1.maven.org/maven2/org/fusesource/jansi/jansi/1.12/jansi-1.12.jar ...
2020.09.02 08:51:01 ERROR 	[SUCCESSFUL ] org.fusesource.jansi#jansi;1.12!jansi.jar (2548ms)
2020.09.02 08:51:03 ERROR 	[SUCCESSFUL ] org.scala-lang.modules#scala-xml_2.12;1.0.6!scala-xml_2.12.jar(bundle) (4810ms)
2020.09.02 08:51:03 ERROR :: retrieving :: org.scala-sbt#boot-scala
2020.09.02 08:51:03 ERROR 	confs: [default]
2020.09.02 08:51:03 ERROR 	6 artifacts copied, 0 already retrieved
2020.09.02 08:51:15 INFO  [info] Updated file /mnt/d/Ubuntu/Code/iomonad/project/build.properties: set sbt.version to 1.3.13
2020.09.02 08:51:15 INFO  [info] welcome to sbt 1.3.13 (Oracle Corporation Java 1.8.0_261)
2020.09.02 08:51:22 INFO  [info] loading settings for project iomonad-build-build from metals.sbt ...
2020.09.02 08:51:24 INFO  [info] loading project definition from /mnt/d/Ubuntu/Code/iomonad/project/project
Sep 02, 2020 8:53:15 AM org.eclipse.lsp4j.jsonrpc.services.GenericEndpoint notify
INFO: Unsupported notification method: $/setTraceNotification
Sep 02, 2020 8:53:27 AM org.eclipse.lsp4j.jsonrpc.services.GenericEndpoint notify
INFO: Unsupported notification method: $/setTraceNotification
Sep 02, 2020 8:53:38 AM org.eclipse.lsp4j.jsonrpc.services.GenericEndpoint notify
INFO: Unsupported notification method: $/setTraceNotification
2020.09.02 08:53:40 INFO  shutting down Metals
2020.09.02 08:53:40 INFO  2020-09-02 08:53:40,902 shutdown-hooks-run-all ERROR No Log4j 2 configuration file found. Using default configuration (logging only errors to the console), or user programmatically provided configurations. Set system property 'log4j2.debug' to show Log4j 2 internal initialization logging. See https://logging.apache.org/log4j/2.x/manual/configuration.html for instructions on how to configure Log4j 2
2020.09.02 08:53:40 INFO  build tool exit: 143
2020.09.02 08:53:41 INFO  time: ran 'sbt bloopInstall' in 6m57s
2020.09.02 08:53:41 ERROR sbt command failed: /mnt/d/Ubuntu/Env/jdk1.8.0_261/bin/java -Djline.terminal=jline.UnsupportedTerminal -Dsbt.log.noformat=true -Dfile.encoding=UTF-8 -Dsbt.version=1.3.13 -jar /tmp/metals683447861570456529/sbt-launch.jar -Dbloop.export-jar-classifiers=sources bloopInstall
2020.09.02 08:53:56 INFO  started: Metals version 0.9.3 in workspace '/mnt/d/Ubuntu/Code/iomonad' for client vscode.
2020.09.02 08:53:57 INFO  time: initialize in 1.14s
2020.09.02 08:53:59 INFO  skipping build import with status 'Requested'
2020.09.02 08:54:02 INFO  running '/mnt/d/Ubuntu/Env/jdk1.8.0_261/bin/java -Djline.terminal=jline.UnsupportedTerminal -Dsbt.log.noformat=true -Dfile.encoding=UTF-8 -jar /tmp/metals1228361200536322698/sbt-launch.jar -Dbloop.export-jar-classifiers=sources bloopInstall'
2020.09.02 08:54:10 INFO  [info] welcome to sbt 1.3.13 (Oracle Corporation Java 1.8.0_261)
2020.09.02 08:54:14 INFO  [info] loading settings for project iomonad-build-build from metals.sbt ...
2020.09.02 08:54:15 INFO  [info] loading project definition from /mnt/d/Ubuntu/Code/iomonad/project/project
2020.09.02 08:54:57 INFO  [warn] There may be incompatibilities among your library dependencies; run 'evicted' to see detailed eviction warnings.
2020.09.02 08:55:03 INFO  [info] loading settings for project iomonad-build from metals.sbt ...
2020.09.02 08:55:03 INFO  [info] loading project definition from /mnt/d/Ubuntu/Code/iomonad/project
2020.09.02 08:55:07 INFO  [warn] There may be incompatibilities among your library dependencies; run 'evicted' to see detailed eviction warnings.
2020.09.02 08:55:22 INFO  [success] Generated .bloop/iomonad-build.json
2020.09.02 08:55:22 INFO  [success] Total time: 19 s, completed Sep 2, 2020 8:55:23 AM
2020.09.02 08:55:28 INFO  [info] loading settings for project iomonad from build.sbt ...
2020.09.02 08:55:28 INFO  [info] set current project to iomonad (in build file:/mnt/d/Ubuntu/Code/iomonad/)
2020.09.02 08:56:58 INFO  [success] Generated .bloop/iomonad.json
2020.09.02 08:56:58 INFO  [success] Generated .bloop/iomonad-test.json
2020.09.02 08:56:58 INFO  [success] Total time: 89 s (01:29), completed Sep 2, 2020 8:56:58 AM
2020.09.02 08:56:58 INFO  build tool exit: 0
2020.09.02 08:56:58 INFO  time: ran 'sbt bloopInstall' in 2m55s
Starting the bsp launcher for bloop...
Opening a bsp server connection with 'bsp --protocol local --socket /tmp/bsp-launcher8521265564883338879/bsp.socket'...
Waiting for the bsp connection to come up...
Waiting for the bsp connection to come up...
Waiting for the bsp connection to come up...
Waiting for the bsp connection to come up...
Waiting for the bsp connection to come up...
Waiting for the bsp connection to come up...
Waiting for the bsp connection to come up...
Waiting for the bsp connection to come up...
Waiting for the bsp connection to come up...
Waiting for the bsp connection to come up...
Waiting for the bsp connection to come up...
Waiting for the bsp connection to come up...
Waiting for the bsp connection to come up...
Waiting for the bsp connection to come up...
Waiting for the bsp connection to come up...
Waiting for the bsp connection to come up...
Waiting for the bsp connection to come up...
Waiting for the bsp connection to come up...
Waiting for the bsp connection to come up...
Waiting for the bsp connection to come up...
Waiting for the bsp connection to come up...
Waiting for the bsp connection to come up...
Waiting for the bsp connection to come up...
Waiting for the bsp connection to come up...
Waiting for the bsp connection to come up...
Waiting for the bsp connection to come up...
Waiting for the bsp connection to come up...
Waiting for the bsp connection to come up...
Waiting for the bsp connection to come up...
Waiting for the bsp connection to come up...
Waiting for the bsp connection to come up...
error: Giving up on waiting for a connection, printing embedded bloop logs:
> No server running at 127.0.0.1:8212, let's fire one...
> Resolving ch.epfl.scala:bloop-frontend_2.12:1.4.3-23-550c6c0a...
error: Trying a tcp-based connection to the server instead...
Opening a bsp server connection with 'bsp --protocol tcp --port 41501'...
Waiting for the bsp connection to come up...
Waiting for the bsp connection to come up...
Waiting for the bsp connection to come up...
Waiting for the bsp connection to come up...
Waiting for the bsp connection to come up...
Waiting for the bsp connection to come up...
Waiting for the bsp connection to come up...
Waiting for the bsp connection to come up...
Waiting for the bsp connection to come up...
Waiting for the bsp connection to come up...
Waiting for the bsp connection to come up...
Waiting for the bsp connection to come up...
Waiting for the bsp connection to come up...
Waiting for the bsp connection to come up...
Waiting for the bsp connection to come up...
Waiting for the bsp connection to come up...
Waiting for the bsp connection to come up...
Waiting for the bsp connection to come up...
Waiting for the bsp connection to come up...
Waiting for the bsp connection to come up...
Waiting for the bsp connection to come up...
Waiting for the bsp connection to come up...
Waiting for the bsp connection to come up...
Waiting for the bsp connection to come up...
Waiting for the bsp connection to come up...
Waiting for the bsp connection to come up...
Waiting for the bsp connection to come up...
Waiting for the bsp connection to come up...
Waiting for the bsp connection to come up...
Waiting for the bsp connection to come up...
Waiting for the bsp connection to come up...
error: Giving up on waiting for a connection, printing embedded bloop logs:
> No server running at 127.0.0.1:8212, let's fire one...
> Resolving ch.epfl.scala:bloop-frontend_2.12:1.4.3-23-550c6c0a...
error: The launcher failed to establish a bsp connection, aborting...
2020.09.02 08:58:04 ERROR Failed to connect with build server, no functionality will work.
java.lang.RuntimeException: The server did not start, got FailedToOpenBspConnection
	at bloop.launcher.LauncherMain.failPromise$1(Launcher.scala:95)
	at bloop.launcher.LauncherMain.runLauncher(Launcher.scala:122)
	at scala.meta.internal.metals.BloopServers$$anon$1.run(BloopServers.scala:111)
	at java.util.concurrent.Executors$RunnableAdapter.call(Executors.java:511)
	at java.util.concurrent.FutureTask.run(FutureTask.java:266)
	at java.util.concurrent.ThreadPoolExecutor.runWorker(ThreadPoolExecutor.java:1149)
	at java.util.concurrent.ThreadPoolExecutor$Worker.run(ThreadPoolExecutor.java:624)
	at java.lang.Thread.run(Thread.java:748)

2020.09.02 09:36:29 INFO  running '/mnt/d/Ubuntu/Env/jdk1.8.0_261/bin/java -Djline.terminal=jline.UnsupportedTerminal -Dsbt.log.noformat=true -Dfile.encoding=UTF-8 -jar /tmp/metals1629910476292370091/sbt-launch.jar -Dbloop.export-jar-classifiers=sources bloopInstall'
2020.09.02 09:36:37 INFO  [info] welcome to sbt 1.3.13 (Oracle Corporation Java 1.8.0_261)
2020.09.02 09:36:41 INFO  [info] loading settings for project iomonad-build-build from metals.sbt ...
2020.09.02 09:36:43 INFO  [info] loading project definition from /mnt/d/Ubuntu/Code/iomonad/project/project
2020.09.02 09:36:46 INFO  [info] loading settings for project iomonad-build from metals.sbt ...
2020.09.02 09:36:46 INFO  [info] loading project definition from /mnt/d/Ubuntu/Code/iomonad/project
2020.09.02 09:36:52 INFO  [success] Generated .bloop/iomonad-build.json
2020.09.02 09:36:52 INFO  [success] Total time: 6 s, completed Sep 2, 2020 9:36:53 AM
2020.09.02 09:36:54 INFO  [info] loading settings for project iomonad from build.sbt ...
2020.09.02 09:36:54 INFO  [info] set current project to iomonad (in build file:/mnt/d/Ubuntu/Code/iomonad/)
2020.09.02 09:36:56 INFO  [success] Generated .bloop/iomonad.json
2020.09.02 09:36:56 INFO  [success] Generated .bloop/iomonad-test.json
2020.09.02 09:36:56 INFO  [success] Total time: 1 s, completed Sep 2, 2020 9:36:56 AM
2020.09.02 09:36:56 INFO  build tool exit: 0
2020.09.02 09:36:56 INFO  time: ran 'sbt bloopInstall' in 27s
Starting the bsp launcher for bloop...
Opening a bsp server connection with 'bsp --protocol local --socket /tmp/bsp-launcher2623643723690745596/bsp.socket'...
Waiting for the bsp connection to come up...
[0m[32m[D][0m Waiting for a connection at local:///tmp/bsp-launcher2623643723690745596/bsp.socket...
The server is listening for incoming connections at local:///tmp/bsp-launcher2623643723690745596/bsp.socket...
Starting thread that pumps stdin and redirects it to the bsp server...
Starting thread that pumps server stdout and redirects it to the client stdout...
2020.09.02 09:36:57 INFO  tracing is disabled for protocol BSP, to enable tracing of incoming and outgoing JSON messages create an empty file at /home/vvvkvmj/.cache/metals/bsp.trace.json
2020.09.02 09:37:02 ERROR Timeout waiting for 'build/initialize' response
2020.09.02 09:37:02 ERROR Failed to connect with build server, no functionality will work.
java.util.concurrent.TimeoutException
	at java.util.concurrent.CompletableFuture.timedGet(CompletableFuture.java:1784)
	at java.util.concurrent.CompletableFuture.get(CompletableFuture.java:1928)
	at scala.meta.internal.metals.BuildServerConnection$.initialize(BuildServerConnection.scala:313)
	at scala.meta.internal.metals.BuildServerConnection$.$anonfun$fromSockets$1(BuildServerConnection.scala:252)
	at scala.util.Success.$anonfun$map$1(Try.scala:255)
	at scala.util.Success.map(Try.scala:213)
	at scala.concurrent.Future.$anonfun$map$1(Future.scala:292)
	at scala.concurrent.impl.Promise.liftedTree1$1(Promise.scala:33)
	at scala.concurrent.impl.Promise.$anonfun$transform$1(Promise.scala:33)
	at scala.concurrent.impl.CallbackRunnable.run(Promise.scala:64)
	at java.util.concurrent.ThreadPoolExecutor.runWorker(ThreadPoolExecutor.java:1149)
	at java.util.concurrent.ThreadPoolExecutor$Worker.run(ThreadPoolExecutor.java:624)
	at java.lang.Thread.run(Thread.java:748)

2020.09.02 09:37:21 INFO  shutting down Metals
2020.09.02 09:37:44 INFO  started: Metals version 0.9.3 in workspace '/mnt/d/Ubuntu/Code/iomonad' for client vscode.
2020.09.02 09:37:45 INFO  time: initialize in 1.11s
Starting the bsp launcher for bloop...
Opening a bsp server connection with 'bsp --protocol local --socket /tmp/bsp-launcher4727887218129745678/bsp.socket'...
Waiting for the bsp connection to come up...
2020.09.02 09:37:47 INFO  skipping build import with status 'Installed'
Waiting for the bsp connection to come up...
Waiting for the bsp connection to come up...
Waiting for the bsp connection to come up...
Waiting for the bsp connection to come up...
Waiting for the bsp connection to come up...
Waiting for the bsp connection to come up...
Waiting for the bsp connection to come up...
No server running at 127.0.0.1:8212, let's fire one...
Resolving ch.epfl.scala:bloop-frontend_2.12:1.4.3-23-550c6c0a...
Starting bloop server at 127.0.0.1:8212...
Attempting a connection to the server...
Attempting a connection to the server...
Attempting a connection to the server...
Attempting a connection to the server...
Attempting a connection to the server...
Attempting a connection to the server...
Attempting a connection to the server...
Attempting a connection to the server...
Attempting a connection to the server...
Attempting a connection to the server...
Attempting a connection to the server...
Attempting a connection to the server...
Attempting a connection to the server...
Attempting a connection to the server...
[0m[32m[D][0m Loading workspace settings from bloop.settings.json
[0m[32m[D][0m Loading 2 projects from '/mnt/d/Ubuntu/Code/iomonad/.bloop'...
[0m[32m[D][0m Loading project from '/mnt/d/Ubuntu/Code/iomonad/.bloop/iomonad-test.json'
[0m[32m[D][0m Loading project from '/mnt/d/Ubuntu/Code/iomonad/.bloop/iomonad.json'
[0m[32m[D][0m Cache miss for scala instance org.scala-lang:scala-compiler:2.13.1.
[0m[32m[D][0m   => /home/vvvkvmj/.cache/coursier/v1/https/repo1.maven.org/maven2/jline/jline/2.14.6/jline-2.14.6.jar
[0m[32m[D][0m   => /home/vvvkvmj/.cache/coursier/v1/https/repo1.maven.org/maven2/org/fusesource/jansi/jansi/1.12/jansi-1.12.jar
[0m[32m[D][0m   => /home/vvvkvmj/.cache/coursier/v1/https/repo1.maven.org/maven2/org/scala-lang/scala-compiler/2.13.1/scala-compiler-2.13.1.jar
[0m[32m[D][0m   => /home/vvvkvmj/.cache/coursier/v1/https/repo1.maven.org/maven2/org/scala-lang/scala-library/2.13.1/scala-library-2.13.1.jar
[0m[32m[D][0m   => /home/vvvkvmj/.cache/coursier/v1/https/repo1.maven.org/maven2/org/scala-lang/scala-reflect/2.13.1/scala-reflect-2.13.1.jar
[0m[32m[D][0m Configured SemanticDB in projects 'iomonad-test', 'iomonad'
[0m[32m[D][0m Missing analysis file for project 'iomonad-test'
[0m[32m[D][0m Missing analysis file for project 'iomonad'
[0m[32m[D][0m Waiting for a connection at local:///tmp/bsp-launcher4727887218129745678/bsp.socket...
The server is listening for incoming connections at local:///tmp/bsp-launcher4727887218129745678/bsp.socket...
Starting thread that pumps stdin and redirects it to the bsp server...
Starting thread that pumps server stdout and redirects it to the client stdout...
2020.09.02 09:37:56 INFO  tracing is disabled for protocol BSP, to enable tracing of incoming and outgoing JSON messages create an empty file at /home/vvvkvmj/.cache/metals/bsp.trace.json
Starting the bsp launcher for bloop...
Opening a bsp server connection with 'bsp --protocol local --socket /tmp/bsp-launcher877035573481335647/bsp.socket'...
Waiting for the bsp connection to come up...
[0m[32m[D][0m Loading workspace settings from bloop.settings.json
[0m[32m[D][0m Waiting for a connection at local:///tmp/bsp-launcher877035573481335647/bsp.socket...
The server is listening for incoming connections at local:///tmp/bsp-launcher877035573481335647/bsp.socket...
Starting thread that pumps stdin and redirects it to the bsp server...
Starting thread that pumps server stdout and redirects it to the client stdout...
2020.09.02 09:37:57 INFO  tracing is disabled for protocol BSP, to enable tracing of incoming and outgoing JSON messages create an empty file at /home/vvvkvmj/.cache/metals/bsp.trace.json
2020.09.02 09:38:02 ERROR Timeout waiting for 'build/initialize' response
2020.09.02 09:38:02 ERROR Failed to connect with build server, no functionality will work.
java.util.concurrent.TimeoutException
	at java.util.concurrent.CompletableFuture.timedGet(CompletableFuture.java:1784)
	at java.util.concurrent.CompletableFuture.get(CompletableFuture.java:1928)
	at scala.meta.internal.metals.BuildServerConnection$.initialize(BuildServerConnection.scala:313)
	at scala.meta.internal.metals.BuildServerConnection$.$anonfun$fromSockets$1(BuildServerConnection.scala:252)
	at scala.util.Success.$anonfun$map$1(Try.scala:255)
	at scala.util.Success.map(Try.scala:213)
	at scala.concurrent.Future.$anonfun$map$1(Future.scala:292)
	at scala.concurrent.impl.Promise.liftedTree1$1(Promise.scala:33)
	at scala.concurrent.impl.Promise.$anonfun$transform$1(Promise.scala:33)
	at scala.concurrent.impl.CallbackRunnable.run(Promise.scala:64)
	at java.util.concurrent.ThreadPoolExecutor.runWorker(ThreadPoolExecutor.java:1149)
	at java.util.concurrent.ThreadPoolExecutor$Worker.run(ThreadPoolExecutor.java:624)
	at java.lang.Thread.run(Thread.java:748)

2020.09.02 09:44:14 INFO  shutting down Metals
2020.09.02 10:07:26 INFO  started: Metals version 0.9.3 in workspace '/mnt/d/Ubuntu/Code/iomonad' for client vscode.
2020.09.02 10:07:28 INFO  time: initialize in 1.28s
Starting the bsp launcher for bloop...
Opening a bsp server connection with 'bsp --protocol local --socket /tmp/bsp-launcher6168345817204009318/bsp.socket'...
Waiting for the bsp connection to come up...
2020.09.02 10:07:30 INFO  skipping build import with status 'Installed'
Waiting for the bsp connection to come up...
Waiting for the bsp connection to come up...
Waiting for the bsp connection to come up...
Waiting for the bsp connection to come up...
Waiting for the bsp connection to come up...
Waiting for the bsp connection to come up...
Waiting for the bsp connection to come up...
Waiting for the bsp connection to come up...
Waiting for the bsp connection to come up...
No server running at 127.0.0.1:8212, let's fire one...
Resolving ch.epfl.scala:bloop-frontend_2.12:1.4.3-23-550c6c0a...
Starting bloop server at 127.0.0.1:8212...
Attempting a connection to the server...
Attempting a connection to the server...
Attempting a connection to the server...
Attempting a connection to the server...
Attempting a connection to the server...
Attempting a connection to the server...
Attempting a connection to the server...
Attempting a connection to the server...
Attempting a connection to the server...
Attempting a connection to the server...
Attempting a connection to the server...
Attempting a connection to the server...
Attempting a connection to the server...
Attempting a connection to the server...
[0m[32m[D][0m Loading workspace settings from bloop.settings.json
[0m[32m[D][0m Loading 2 projects from '/mnt/d/Ubuntu/Code/iomonad/.bloop'...
[0m[32m[D][0m Loading project from '/mnt/d/Ubuntu/Code/iomonad/.bloop/iomonad-test.json'
[0m[32m[D][0m Loading project from '/mnt/d/Ubuntu/Code/iomonad/.bloop/iomonad.json'
[0m[32m[D][0m Cache miss for scala instance org.scala-lang:scala-compiler:2.13.1.
[0m[32m[D][0m   => /home/vvvkvmj/.cache/coursier/v1/https/repo1.maven.org/maven2/jline/jline/2.14.6/jline-2.14.6.jar
[0m[32m[D][0m   => /home/vvvkvmj/.cache/coursier/v1/https/repo1.maven.org/maven2/org/fusesource/jansi/jansi/1.12/jansi-1.12.jar
[0m[32m[D][0m   => /home/vvvkvmj/.cache/coursier/v1/https/repo1.maven.org/maven2/org/scala-lang/scala-compiler/2.13.1/scala-compiler-2.13.1.jar
[0m[32m[D][0m   => /home/vvvkvmj/.cache/coursier/v1/https/repo1.maven.org/maven2/org/scala-lang/scala-library/2.13.1/scala-library-2.13.1.jar
[0m[32m[D][0m   => /home/vvvkvmj/.cache/coursier/v1/https/repo1.maven.org/maven2/org/scala-lang/scala-reflect/2.13.1/scala-reflect-2.13.1.jar
[0m[32m[D][0m Configured SemanticDB in projects 'iomonad', 'iomonad-test'
[0m[32m[D][0m Missing analysis file for project 'iomonad'
[0m[32m[D][0m Missing analysis file for project 'iomonad-test'
[0m[32m[D][0m Waiting for a connection at local:///tmp/bsp-launcher6168345817204009318/bsp.socket...
The server is listening for incoming connections at local:///tmp/bsp-launcher6168345817204009318/bsp.socket...
Starting thread that pumps stdin and redirects it to the bsp server...
Starting thread that pumps server stdout and redirects it to the client stdout...
2020.09.02 10:07:40 INFO  tracing is disabled for protocol BSP, to enable tracing of incoming and outgoing JSON messages create an empty file at /home/vvvkvmj/.cache/metals/bsp.trace.json
Starting the bsp launcher for bloop...
Opening a bsp server connection with 'bsp --protocol local --socket /tmp/bsp-launcher3078517453597545266/bsp.socket'...
Waiting for the bsp connection to come up...
Sep 02, 2020 10:07:41 AM org.eclipse.lsp4j.jsonrpc.services.GenericEndpoint notify
INFO: Unsupported notification method: $/setTraceNotification
[0m[32m[D][0m Loading workspace settings from bloop.settings.json
[0m[32m[D][0m Waiting for a connection at local:///tmp/bsp-launcher3078517453597545266/bsp.socket...
The server is listening for incoming connections at local:///tmp/bsp-launcher3078517453597545266/bsp.socket...
Starting thread that pumps stdin and redirects it to the bsp server...
Starting thread that pumps server stdout and redirects it to the client stdout...
2020.09.02 10:07:41 INFO  tracing is disabled for protocol BSP, to enable tracing of incoming and outgoing JSON messages create an empty file at /home/vvvkvmj/.cache/metals/bsp.trace.json
2020.09.02 10:07:42 INFO  time: connected to build server in 12s
2020.09.02 10:07:42 INFO  Connected to Build server v1.4.3-23-550c6c0a
2020.09.02 10:07:42 INFO  time: imported build in 0.68s
2020.09.02 10:07:42 INFO  time: updated build targets in 0.23s
2020.09.02 10:07:44 INFO  shutting down Metals
No more data in the client stdin, exiting...
No more data in the client stdin, exiting...
2020.09.02 10:07:44 INFO  time: started file watcher in 1.23s
2020.09.02 10:08:00 INFO  started: Metals version 0.9.3 in workspace '/mnt/d/Ubuntu/Code/iomonad' for client vscode.
2020.09.02 10:08:01 INFO  time: initialize in 1.05s
Starting the bsp launcher for bloop...
Opening a bsp server connection with 'bsp --protocol local --socket /tmp/bsp-launcher2895589579852726382/bsp.socket'...
Waiting for the bsp connection to come up...
2020.09.02 10:08:03 INFO  no build target: using presentation compiler with only scala-library
2020.09.02 10:08:03 INFO  skipping build import with status 'Installed'
[0m[32m[D][0m Loading workspace settings from bloop.settings.json
[0m[32m[D][0m Waiting for a connection at local:///tmp/bsp-launcher2895589579852726382/bsp.socket...
The server is listening for incoming connections at local:///tmp/bsp-launcher2895589579852726382/bsp.socket...
Starting thread that pumps stdin and redirects it to the bsp server...
Starting thread that pumps server stdout and redirects it to the client stdout...
2020.09.02 10:08:03 INFO  tracing is disabled for protocol BSP, to enable tracing of incoming and outgoing JSON messages create an empty file at /home/vvvkvmj/.cache/metals/bsp.trace.json
Starting the bsp launcher for bloop...
Opening a bsp server connection with 'bsp --protocol local --socket /tmp/bsp-launcher8573170760709081762/bsp.socket'...
Waiting for the bsp connection to come up...
[0m[32m[D][0m Loading workspace settings from bloop.settings.json
[0m[32m[D][0m Waiting for a connection at local:///tmp/bsp-launcher8573170760709081762/bsp.socket...
The server is listening for incoming connections at local:///tmp/bsp-launcher8573170760709081762/bsp.socket...
Starting thread that pumps stdin and redirects it to the bsp server...
Starting thread that pumps server stdout and redirects it to the client stdout...
2020.09.02 10:08:04 INFO  tracing is disabled for protocol BSP, to enable tracing of incoming and outgoing JSON messages create an empty file at /home/vvvkvmj/.cache/metals/bsp.trace.json
2020.09.02 10:08:04 INFO  time: connected to build server in 1.39s
2020.09.02 10:08:04 INFO  Connected to Build server v1.4.3-23-550c6c0a
2020.09.02 10:08:04 INFO  time: imported build in 0.2s
2020.09.02 10:08:09 INFO  compiling iomonad (20 scala sources)
2020.09.02 10:08:35 INFO  time: indexed workspace in 31s
2020.09.02 10:08:36 INFO  Deduplicating compilation of iomonad from bsp client 'Metals 0.9.3' (since 32.123s)
2020.09.02 10:08:36 INFO  compiling iomonad (20 scala sources)
2020.09.02 10:09:01 INFO  Deduplicating compilation of iomonad from bsp client 'Metals 0.9.3' (since 57.559s)
2020.09.02 10:09:01 INFO  compiling iomonad (20 scala sources)
2020.09.02 10:09:03 WARN  there were 16 deprecation warnings (since 2.13.0); re-run with -deprecation for details
2020.09.02 10:09:03 WARN  there was one feature warning; re-run with -feature for details
2020.09.02 10:09:03 WARN  there were 16 deprecation warnings (since 2.13.0); re-run with -deprecation for details
2020.09.02 10:09:03 WARN  there were 16 deprecation warnings (since 2.13.0); re-run with -deprecation for details
2020.09.02 10:09:03 WARN  there was one feature warning; re-run with -feature for details
2020.09.02 10:09:03 WARN  there was one feature warning; re-run with -feature for details
2020.09.02 10:09:06 WARN  unexpected error processing the file /mnt/d/Ubuntu/Code/iomonad/.bloop/iomonad/bloop-bsp-clients-classes/classes-Metals-Fx6OVO-rTPyjU6BVaqCqbw==/META-INF/semanticdb/src/main/scala/answer/ParAnswer.scala.semanticdb
com.google.protobuf.InvalidProtocolBufferException: While parsing a protocol message, the input ended unexpectedly in the middle of a field.  This could mean either that the input has been truncated or that an embedded message misreported its own length.
	at com.google.protobuf.InvalidProtocolBufferException.truncatedMessage(InvalidProtocolBufferException.java:84)
	at com.google.protobuf.CodedInputStream$ArrayDecoder.pushLimit(CodedInputStream.java:1189)
	at scalapb.LiteParser$.readMessage(LiteParser.scala:12)
	at scala.meta.internal.semanticdb.TextDocuments$.merge(TextDocuments.scala:67)
	at scala.meta.internal.semanticdb.TextDocuments$.merge(TextDocuments.scala:57)
	at scalapb.GeneratedMessageCompanion.parseFrom(GeneratedMessageCompanion.scala:158)
	at scalapb.GeneratedMessageCompanion.parseFrom$(GeneratedMessageCompanion.scala:158)
	at scala.meta.internal.semanticdb.TextDocuments$.parseFrom(TextDocuments.scala:57)
	at scalapb.GeneratedMessageCompanion.parseFrom(GeneratedMessageCompanion.scala:174)
	at scalapb.GeneratedMessageCompanion.parseFrom$(GeneratedMessageCompanion.scala:174)
	at scala.meta.internal.semanticdb.TextDocuments$.parseFrom(TextDocuments.scala:57)
	at scala.meta.internal.metals.SemanticdbIndexer.onChange(SemanticdbIndexer.scala:82)
	at scala.meta.internal.metals.MetalsLanguageServer.$anonfun$didChangeWatchedFiles$5(MetalsLanguageServer.scala:1041)
	at scala.runtime.java8.JFunction0$mcV$sp.apply(JFunction0$mcV$sp.java:23)
	at scala.concurrent.Future$.$anonfun$apply$1(Future.scala:659)
	at scala.util.Success.$anonfun$map$1(Try.scala:255)
	at scala.util.Success.map(Try.scala:213)
	at scala.concurrent.Future.$anonfun$map$1(Future.scala:292)
	at scala.concurrent.impl.Promise.liftedTree1$1(Promise.scala:33)
	at scala.concurrent.impl.Promise.$anonfun$transform$1(Promise.scala:33)
	at scala.concurrent.impl.CallbackRunnable.run(Promise.scala:64)
	at java.util.concurrent.ThreadPoolExecutor.runWorker(ThreadPoolExecutor.java:1149)
	at java.util.concurrent.ThreadPoolExecutor$Worker.run(ThreadPoolExecutor.java:624)
	at java.lang.Thread.run(Thread.java:748)

2020.09.02 10:09:06 WARN  unexpected error processing the file /mnt/d/Ubuntu/Code/iomonad/.bloop/iomonad/bloop-bsp-clients-classes/classes-Metals-Fx6OVO-rTPyjU6BVaqCqbw==/META-INF/semanticdb/src/main/scala/answer/ParAnswer.scala.semanticdb
com.google.protobuf.InvalidProtocolBufferException: While parsing a protocol message, the input ended unexpectedly in the middle of a field.  This could mean either that the input has been truncated or that an embedded message misreported its own length.
	at com.google.protobuf.InvalidProtocolBufferException.truncatedMessage(InvalidProtocolBufferException.java:84)
	at com.google.protobuf.CodedInputStream$ArrayDecoder.pushLimit(CodedInputStream.java:1189)
	at scalapb.LiteParser$.readMessage(LiteParser.scala:12)
	at scala.meta.internal.semanticdb.TextDocuments$.merge(TextDocuments.scala:67)
	at scala.meta.internal.semanticdb.TextDocuments$.merge(TextDocuments.scala:57)
	at scalapb.GeneratedMessageCompanion.parseFrom(GeneratedMessageCompanion.scala:158)
	at scalapb.GeneratedMessageCompanion.parseFrom$(GeneratedMessageCompanion.scala:158)
	at scala.meta.internal.semanticdb.TextDocuments$.parseFrom(TextDocuments.scala:57)
	at scalapb.GeneratedMessageCompanion.parseFrom(GeneratedMessageCompanion.scala:174)
	at scalapb.GeneratedMessageCompanion.parseFrom$(GeneratedMessageCompanion.scala:174)
	at scala.meta.internal.semanticdb.TextDocuments$.parseFrom(TextDocuments.scala:57)
	at scala.meta.internal.metals.SemanticdbIndexer.onChange(SemanticdbIndexer.scala:82)
	at scala.meta.internal.metals.MetalsLanguageServer.$anonfun$didChangeWatchedFiles$5(MetalsLanguageServer.scala:1041)
	at scala.runtime.java8.JFunction0$mcV$sp.apply(JFunction0$mcV$sp.java:23)
	at scala.concurrent.Future$.$anonfun$apply$1(Future.scala:659)
	at scala.util.Success.$anonfun$map$1(Try.scala:255)
	at scala.util.Success.map(Try.scala:213)
	at scala.concurrent.Future.$anonfun$map$1(Future.scala:292)
	at scala.concurrent.impl.Promise.liftedTree1$1(Promise.scala:33)
	at scala.concurrent.impl.Promise.$anonfun$transform$1(Promise.scala:33)
	at scala.concurrent.impl.CallbackRunnable.run(Promise.scala:64)
	at java.util.concurrent.ThreadPoolExecutor.runWorker(ThreadPoolExecutor.java:1149)
	at java.util.concurrent.ThreadPoolExecutor$Worker.run(ThreadPoolExecutor.java:624)
	at java.lang.Thread.run(Thread.java:748)

2020.09.02 10:09:06 WARN  unexpected error processing the file /mnt/d/Ubuntu/Code/iomonad/.bloop/iomonad/bloop-bsp-clients-classes/classes-Metals-Fx6OVO-rTPyjU6BVaqCqbw==/META-INF/semanticdb/src/main/scala/answer/Nonblocking.scala.semanticdb
com.google.protobuf.InvalidProtocolBufferException: While parsing a protocol message, the input ended unexpectedly in the middle of a field.  This could mean either that the input has been truncated or that an embedded message misreported its own length.
	at com.google.protobuf.InvalidProtocolBufferException.truncatedMessage(InvalidProtocolBufferException.java:84)
	at com.google.protobuf.CodedInputStream$ArrayDecoder.pushLimit(CodedInputStream.java:1189)
	at scalapb.LiteParser$.readMessage(LiteParser.scala:12)
	at scala.meta.internal.semanticdb.TextDocuments$.merge(TextDocuments.scala:67)
	at scala.meta.internal.semanticdb.TextDocuments$.merge(TextDocuments.scala:57)
	at scalapb.GeneratedMessageCompanion.parseFrom(GeneratedMessageCompanion.scala:158)
	at scalapb.GeneratedMessageCompanion.parseFrom$(GeneratedMessageCompanion.scala:158)
	at scala.meta.internal.semanticdb.TextDocuments$.parseFrom(TextDocuments.scala:57)
	at scalapb.GeneratedMessageCompanion.parseFrom(GeneratedMessageCompanion.scala:174)
	at scalapb.GeneratedMessageCompanion.parseFrom$(GeneratedMessageCompanion.scala:174)
	at scala.meta.internal.semanticdb.TextDocuments$.parseFrom(TextDocuments.scala:57)
	at scala.meta.internal.metals.SemanticdbIndexer.onChange(SemanticdbIndexer.scala:82)
	at scala.meta.internal.metals.MetalsLanguageServer.$anonfun$didChangeWatchedFiles$5(MetalsLanguageServer.scala:1041)
	at scala.runtime.java8.JFunction0$mcV$sp.apply(JFunction0$mcV$sp.java:23)
	at scala.concurrent.Future$.$anonfun$apply$1(Future.scala:659)
	at scala.util.Success.$anonfun$map$1(Try.scala:255)
	at scala.util.Success.map(Try.scala:213)
	at scala.concurrent.Future.$anonfun$map$1(Future.scala:292)
	at scala.concurrent.impl.Promise.liftedTree1$1(Promise.scala:33)
	at scala.concurrent.impl.Promise.$anonfun$transform$1(Promise.scala:33)
	at scala.concurrent.impl.CallbackRunnable.run(Promise.scala:64)
	at java.util.concurrent.ThreadPoolExecutor.runWorker(ThreadPoolExecutor.java:1149)
	at java.util.concurrent.ThreadPoolExecutor$Worker.run(ThreadPoolExecutor.java:624)
	at java.lang.Thread.run(Thread.java:748)

2020.09.02 10:09:06 WARN  unexpected error processing the file /mnt/d/Ubuntu/Code/iomonad/.bloop/iomonad/bloop-bsp-clients-classes/classes-Metals-Fx6OVO-rTPyjU6BVaqCqbw==/META-INF/semanticdb/src/main/scala/answer/Nonblocking.scala.semanticdb
com.google.protobuf.InvalidProtocolBufferException: While parsing a protocol message, the input ended unexpectedly in the middle of a field.  This could mean either that the input has been truncated or that an embedded message misreported its own length.
	at com.google.protobuf.InvalidProtocolBufferException.truncatedMessage(InvalidProtocolBufferException.java:84)
	at com.google.protobuf.CodedInputStream$ArrayDecoder.pushLimit(CodedInputStream.java:1189)
	at scalapb.LiteParser$.readMessage(LiteParser.scala:12)
	at scala.meta.internal.semanticdb.TextDocuments$.merge(TextDocuments.scala:67)
	at scala.meta.internal.semanticdb.TextDocuments$.merge(TextDocuments.scala:57)
	at scalapb.GeneratedMessageCompanion.parseFrom(GeneratedMessageCompanion.scala:158)
	at scalapb.GeneratedMessageCompanion.parseFrom$(GeneratedMessageCompanion.scala:158)
	at scala.meta.internal.semanticdb.TextDocuments$.parseFrom(TextDocuments.scala:57)
	at scalapb.GeneratedMessageCompanion.parseFrom(GeneratedMessageCompanion.scala:174)
	at scalapb.GeneratedMessageCompanion.parseFrom$(GeneratedMessageCompanion.scala:174)
	at scala.meta.internal.semanticdb.TextDocuments$.parseFrom(TextDocuments.scala:57)
	at scala.meta.internal.metals.SemanticdbIndexer.onChange(SemanticdbIndexer.scala:82)
	at scala.meta.internal.metals.MetalsLanguageServer.$anonfun$didChangeWatchedFiles$5(MetalsLanguageServer.scala:1041)
	at scala.runtime.java8.JFunction0$mcV$sp.apply(JFunction0$mcV$sp.java:23)
	at scala.concurrent.Future$.$anonfun$apply$1(Future.scala:659)
	at scala.util.Success.$anonfun$map$1(Try.scala:255)
	at scala.util.Success.map(Try.scala:213)
	at scala.concurrent.Future.$anonfun$map$1(Future.scala:292)
	at scala.concurrent.impl.Promise.liftedTree1$1(Promise.scala:33)
	at scala.concurrent.impl.Promise.$anonfun$transform$1(Promise.scala:33)
	at scala.concurrent.impl.CallbackRunnable.run(Promise.scala:64)
	at java.util.concurrent.ThreadPoolExecutor.runWorker(ThreadPoolExecutor.java:1149)
	at java.util.concurrent.ThreadPoolExecutor$Worker.run(ThreadPoolExecutor.java:624)
	at java.lang.Thread.run(Thread.java:748)

2020.09.02 10:09:06 WARN  unexpected error processing the file /mnt/d/Ubuntu/Code/iomonad/.bloop/iomonad/bloop-bsp-clients-classes/classes-Metals-Fx6OVO-rTPyjU6BVaqCqbw==/META-INF/semanticdb/src/main/scala/streamingIO/Process.scala.semanticdb
com.google.protobuf.InvalidProtocolBufferException: While parsing a protocol message, the input ended unexpectedly in the middle of a field.  This could mean either that the input has been truncated or that an embedded message misreported its own length.
	at com.google.protobuf.InvalidProtocolBufferException.truncatedMessage(InvalidProtocolBufferException.java:84)
	at com.google.protobuf.CodedInputStream$ArrayDecoder.pushLimit(CodedInputStream.java:1189)
	at scalapb.LiteParser$.readMessage(LiteParser.scala:12)
	at scala.meta.internal.semanticdb.TextDocuments$.merge(TextDocuments.scala:67)
	at scala.meta.internal.semanticdb.TextDocuments$.merge(TextDocuments.scala:57)
	at scalapb.GeneratedMessageCompanion.parseFrom(GeneratedMessageCompanion.scala:158)
	at scalapb.GeneratedMessageCompanion.parseFrom$(GeneratedMessageCompanion.scala:158)
	at scala.meta.internal.semanticdb.TextDocuments$.parseFrom(TextDocuments.scala:57)
	at scalapb.GeneratedMessageCompanion.parseFrom(GeneratedMessageCompanion.scala:174)
	at scalapb.GeneratedMessageCompanion.parseFrom$(GeneratedMessageCompanion.scala:174)
	at scala.meta.internal.semanticdb.TextDocuments$.parseFrom(TextDocuments.scala:57)
	at scala.meta.internal.metals.SemanticdbIndexer.onChange(SemanticdbIndexer.scala:82)
	at scala.meta.internal.metals.MetalsLanguageServer.$anonfun$didChangeWatchedFiles$5(MetalsLanguageServer.scala:1041)
	at scala.runtime.java8.JFunction0$mcV$sp.apply(JFunction0$mcV$sp.java:23)
	at scala.concurrent.Future$.$anonfun$apply$1(Future.scala:659)
	at scala.util.Success.$anonfun$map$1(Try.scala:255)
	at scala.util.Success.map(Try.scala:213)
	at scala.concurrent.Future.$anonfun$map$1(Future.scala:292)
	at scala.concurrent.impl.Promise.liftedTree1$1(Promise.scala:33)
	at scala.concurrent.impl.Promise.$anonfun$transform$1(Promise.scala:33)
	at scala.concurrent.impl.CallbackRunnable.run(Promise.scala:64)
	at java.util.concurrent.ThreadPoolExecutor.runWorker(ThreadPoolExecutor.java:1149)
	at java.util.concurrent.ThreadPoolExecutor$Worker.run(ThreadPoolExecutor.java:624)
	at java.lang.Thread.run(Thread.java:748)

2020.09.02 10:09:07 WARN  unexpected error processing the file /mnt/d/Ubuntu/Code/iomonad/.bloop/iomonad/bloop-bsp-clients-classes/classes-Metals-Fx6OVO-rTPyjU6BVaqCqbw==/META-INF/semanticdb/src/main/scala/iomonad/TailRec.scala.semanticdb
java.nio.file.NoSuchFileException: /mnt/d/Ubuntu/Code/iomonad/.bloop/iomonad/bloop-bsp-clients-classes/classes-Metals-Fx6OVO-rTPyjU6BVaqCqbw==/META-INF/semanticdb/src/main/scala/iomonad/TailRec.scala.semanticdb
	at sun.nio.fs.UnixException.translateToIOException(UnixException.java:86)
	at sun.nio.fs.UnixException.rethrowAsIOException(UnixException.java:102)
	at sun.nio.fs.UnixException.rethrowAsIOException(UnixException.java:107)
	at sun.nio.fs.UnixFileSystemProvider.newByteChannel(UnixFileSystemProvider.java:214)
	at java.nio.file.Files.newByteChannel(Files.java:361)
	at java.nio.file.Files.newByteChannel(Files.java:407)
	at java.nio.file.Files.readAllBytes(Files.java:3152)
	at scala.meta.internal.metals.SemanticdbIndexer.onChange(SemanticdbIndexer.scala:82)
	at scala.meta.internal.metals.MetalsLanguageServer.$anonfun$didChangeWatchedFiles$5(MetalsLanguageServer.scala:1041)
	at scala.runtime.java8.JFunction0$mcV$sp.apply(JFunction0$mcV$sp.java:23)
	at scala.concurrent.Future$.$anonfun$apply$1(Future.scala:659)
	at scala.util.Success.$anonfun$map$1(Try.scala:255)
	at scala.util.Success.map(Try.scala:213)
	at scala.concurrent.Future.$anonfun$map$1(Future.scala:292)
	at scala.concurrent.impl.Promise.liftedTree1$1(Promise.scala:33)
	at scala.concurrent.impl.Promise.$anonfun$transform$1(Promise.scala:33)
	at scala.concurrent.impl.CallbackRunnable.run(Promise.scala:64)
	at java.util.concurrent.ThreadPoolExecutor.runWorker(ThreadPoolExecutor.java:1149)
	at java.util.concurrent.ThreadPoolExecutor$Worker.run(ThreadPoolExecutor.java:624)
	at java.lang.Thread.run(Thread.java:748)

2020.09.02 10:09:07 WARN  unexpected error processing the file /mnt/d/Ubuntu/Code/iomonad/.bloop/iomonad/bloop-bsp-clients-classes/classes-Metals-Fx6OVO-rTPyjU6BVaqCqbw==/META-INF/semanticdb/src/main/scala/streamingIO/Process.scala.semanticdb
com.google.protobuf.InvalidProtocolBufferException: While parsing a protocol message, the input ended unexpectedly in the middle of a field.  This could mean either that the input has been truncated or that an embedded message misreported its own length.
	at com.google.protobuf.InvalidProtocolBufferException.truncatedMessage(InvalidProtocolBufferException.java:84)
	at com.google.protobuf.CodedInputStream$ArrayDecoder.pushLimit(CodedInputStream.java:1189)
	at scalapb.LiteParser$.readMessage(LiteParser.scala:12)
	at scala.meta.internal.semanticdb.TextDocuments$.merge(TextDocuments.scala:67)
	at scala.meta.internal.semanticdb.TextDocuments$.merge(TextDocuments.scala:57)
	at scalapb.GeneratedMessageCompanion.parseFrom(GeneratedMessageCompanion.scala:158)
	at scalapb.GeneratedMessageCompanion.parseFrom$(GeneratedMessageCompanion.scala:158)
	at scala.meta.internal.semanticdb.TextDocuments$.parseFrom(TextDocuments.scala:57)
	at scalapb.GeneratedMessageCompanion.parseFrom(GeneratedMessageCompanion.scala:174)
	at scalapb.GeneratedMessageCompanion.parseFrom$(GeneratedMessageCompanion.scala:174)
	at scala.meta.internal.semanticdb.TextDocuments$.parseFrom(TextDocuments.scala:57)
	at scala.meta.internal.metals.SemanticdbIndexer.onChange(SemanticdbIndexer.scala:82)
	at scala.meta.internal.metals.MetalsLanguageServer.$anonfun$didChangeWatchedFiles$5(MetalsLanguageServer.scala:1041)
	at scala.runtime.java8.JFunction0$mcV$sp.apply(JFunction0$mcV$sp.java:23)
	at scala.concurrent.Future$.$anonfun$apply$1(Future.scala:659)
	at scala.util.Success.$anonfun$map$1(Try.scala:255)
	at scala.util.Success.map(Try.scala:213)
	at scala.concurrent.Future.$anonfun$map$1(Future.scala:292)
	at scala.concurrent.impl.Promise.liftedTree1$1(Promise.scala:33)
	at scala.concurrent.impl.Promise.$anonfun$transform$1(Promise.scala:33)
	at scala.concurrent.impl.CallbackRunnable.run(Promise.scala:64)
	at java.util.concurrent.ThreadPoolExecutor.runWorker(ThreadPoolExecutor.java:1149)
	at java.util.concurrent.ThreadPoolExecutor$Worker.run(ThreadPoolExecutor.java:624)
	at java.lang.Thread.run(Thread.java:748)

2020.09.02 10:09:07 WARN  unexpected error processing the file /mnt/d/Ubuntu/Code/iomonad/.bloop/iomonad/bloop-bsp-clients-classes/classes-Metals-Fx6OVO-rTPyjU6BVaqCqbw==/META-INF/semanticdb/src/main/scala/streamingIO/Process.scala.semanticdb
com.google.protobuf.InvalidProtocolBufferException: While parsing a protocol message, the input ended unexpectedly in the middle of a field.  This could mean either that the input has been truncated or that an embedded message misreported its own length.
	at com.google.protobuf.InvalidProtocolBufferException.truncatedMessage(InvalidProtocolBufferException.java:84)
	at com.google.protobuf.CodedInputStream$ArrayDecoder.pushLimit(CodedInputStream.java:1189)
	at scalapb.LiteParser$.readMessage(LiteParser.scala:12)
	at scala.meta.internal.semanticdb.TextDocuments$.merge(TextDocuments.scala:67)
	at scala.meta.internal.semanticdb.TextDocuments$.merge(TextDocuments.scala:57)
	at scalapb.GeneratedMessageCompanion.parseFrom(GeneratedMessageCompanion.scala:158)
	at scalapb.GeneratedMessageCompanion.parseFrom$(GeneratedMessageCompanion.scala:158)
	at scala.meta.internal.semanticdb.TextDocuments$.parseFrom(TextDocuments.scala:57)
	at scalapb.GeneratedMessageCompanion.parseFrom(GeneratedMessageCompanion.scala:174)
	at scalapb.GeneratedMessageCompanion.parseFrom$(GeneratedMessageCompanion.scala:174)
	at scala.meta.internal.semanticdb.TextDocuments$.parseFrom(TextDocuments.scala:57)
	at scala.meta.internal.metals.SemanticdbIndexer.onChange(SemanticdbIndexer.scala:82)
	at scala.meta.internal.metals.MetalsLanguageServer.$anonfun$didChangeWatchedFiles$5(MetalsLanguageServer.scala:1041)
	at scala.runtime.java8.JFunction0$mcV$sp.apply(JFunction0$mcV$sp.java:23)
	at scala.concurrent.Future$.$anonfun$apply$1(Future.scala:659)
	at scala.util.Success.$anonfun$map$1(Try.scala:255)
	at scala.util.Success.map(Try.scala:213)
	at scala.concurrent.Future.$anonfun$map$1(Future.scala:292)
	at scala.concurrent.impl.Promise.liftedTree1$1(Promise.scala:33)
	at scala.concurrent.impl.Promise.$anonfun$transform$1(Promise.scala:33)
	at scala.concurrent.impl.CallbackRunnable.run(Promise.scala:64)
	at java.util.concurrent.ThreadPoolExecutor.runWorker(ThreadPoolExecutor.java:1149)
	at java.util.concurrent.ThreadPoolExecutor$Worker.run(ThreadPoolExecutor.java:624)
	at java.lang.Thread.run(Thread.java:748)

2020.09.02 10:09:08 INFO  time: compiled iomonad in 7.26s
Sep 02, 2020 10:14:37 AM org.eclipse.lsp4j.jsonrpc.services.GenericEndpoint notify
INFO: Unsupported notification method: $/setTraceNotification
Sep 02, 2020 10:14:41 AM org.eclipse.lsp4j.jsonrpc.services.GenericEndpoint notify
INFO: Unsupported notification method: $/setTraceNotification
2020.09.02 10:14:42 INFO  shutting down Metals
No more data in the client stdin, exiting...
No more data in the client stdin, exiting...
No more data in the server stdin, exiting...
No more data in the server stdin, exiting...
No more data in the server stdin, exiting...
No more data in the server stdin, exiting...
2020.09.02 10:15:00 INFO  started: Metals version 0.9.3 in workspace '/mnt/d/Ubuntu/Code/iomonad' for client vscode.
2020.09.02 10:15:01 INFO  time: initialize in 1.06s
Starting the bsp launcher for bloop...
Opening a bsp server connection with 'bsp --protocol local --socket /tmp/bsp-launcher4743376448289265227/bsp.socket'...
Waiting for the bsp connection to come up...
2020.09.02 10:15:03 INFO  skipping build import with status 'Installed'
[0m[32m[D][0m Loading workspace settings from bloop.settings.json
[0m[32m[D][0m Waiting for a connection at local:///tmp/bsp-launcher4743376448289265227/bsp.socket...
The server is listening for incoming connections at local:///tmp/bsp-launcher4743376448289265227/bsp.socket...
Starting thread that pumps stdin and redirects it to the bsp server...
Starting thread that pumps server stdout and redirects it to the client stdout...
2020.09.02 10:15:03 INFO  tracing is disabled for protocol BSP, to enable tracing of incoming and outgoing JSON messages create an empty file at /home/vvvkvmj/.cache/metals/bsp.trace.json
Starting the bsp launcher for bloop...
Opening a bsp server connection with 'bsp --protocol local --socket /tmp/bsp-launcher1622962517264021122/bsp.socket'...
Waiting for the bsp connection to come up...
[0m[32m[D][0m Loading workspace settings from bloop.settings.json
[0m[32m[D][0m Waiting for a connection at local:///tmp/bsp-launcher1622962517264021122/bsp.socket...
The server is listening for incoming connections at local:///tmp/bsp-launcher1622962517264021122/bsp.socket...
Starting thread that pumps stdin and redirects it to the bsp server...
Starting thread that pumps server stdout and redirects it to the client stdout...
2020.09.02 10:15:04 INFO  tracing is disabled for protocol BSP, to enable tracing of incoming and outgoing JSON messages create an empty file at /home/vvvkvmj/.cache/metals/bsp.trace.json
2020.09.02 10:15:04 INFO  time: connected to build server in 1.42s
2020.09.02 10:15:04 INFO  Connected to Build server v1.4.3-23-550c6c0a
2020.09.02 10:15:04 INFO  time: imported build in 0.21s
2020.09.02 10:15:10 INFO  time: indexed workspace in 6.45s
Sep 02, 2020 10:16:42 AM org.eclipse.lsp4j.jsonrpc.RemoteEndpoint handleCancellation
WARNING: Unmatched cancel notification for request id 8
Sep 02, 2020 10:17:09 AM org.eclipse.lsp4j.jsonrpc.RemoteEndpoint handleCancellation
WARNING: Unmatched cancel notification for request id 18
2020.09.02 10:17:27 INFO  tracing is disabled for protocol dap-server, to enable tracing of incoming and outgoing JSON messages create an empty file at /home/vvvkvmj/.cache/metals/dap-server.trace.json
2020.09.02 10:17:27 INFO  tracing is disabled for protocol dap-client, to enable tracing of incoming and outgoing JSON messages create an empty file at /home/vvvkvmj/.cache/metals/dap-client.trace.json
2020.09.02 10:17:28 INFO  Starting debug proxy for [AppIO]
2020.09.02 10:17:28 INFO  Listening for transport dt_socket at address: 51754
2020.09.02 10:17:28 INFO  Trying to attach to remote debuggee VM localhost:51754 .
2020.09.02 10:17:28 INFO  Attaching to debuggee VM succeeded.
2020.09.02 10:17:30 INFO  List(1.0, 1.5, 2.0, 2.5)
2020.09.02 10:17:45 INFO  Listening for transport dt_socket at address: 51763
2020.09.02 10:17:45 INFO  Canceling debug proxy for [AppIO]
Sep 02, 2020 10:20:34 AM org.eclipse.lsp4j.jsonrpc.services.GenericEndpoint notify
INFO: Unsupported notification method: $/setTraceNotification
